2023-03-19 22:15:30.783 +05:30  INF  User profile is available. Using 'C:\Users\2136043\AppData\Local\ASP.NET\DataProtection-Keys' as key repository and Windows DPAPI to encrypt keys at rest.
2023-03-19 22:15:31.049 +05:30  INF  Now listening on: https://localhost:51198
2023-03-19 22:15:31.050 +05:30  INF  Now listening on: http://localhost:51199
2023-03-19 22:15:31.053 +05:30  INF  Application started. Press Ctrl+C to shut down.
2023-03-19 22:15:31.053 +05:30  INF  Hosting environment: Development
2023-03-19 22:15:31.053 +05:30  INF  Content root path: C:\MY files\Projects\ASPNETMVCCRUD(Search Done)\ASPNETMVCCRUD\ASPNETMVCCRUD\ASPNETMVCCRUD\
2023-03-19 22:15:32.998 +05:30  INF  Request starting HTTP/2 GET https://localhost:51198/ - -
2023-03-19 22:15:33.121 +05:30  INF  Executing endpoint 'ASPNETMVCCRUD.Controllers.HomeController.Index (ASPNETMVCCRUD)'
2023-03-19 22:15:33.196 +05:30  INF  Route matched with {action = "Index", controller = "Home"}. Executing controller action with signature Microsoft.AspNetCore.Mvc.IActionResult Index() on controller ASPNETMVCCRUD.Controllers.HomeController (ASPNETMVCCRUD).
2023-03-19 22:15:33.228 +05:30  INF  Index Method  Executed
2023-03-19 22:15:33.246 +05:30  INF  Executing ViewResult, running view Index.
2023-03-19 22:15:33.601 +05:30  INF  Executed ViewResult - view Index executed in 359.2705ms.
2023-03-19 22:15:33.605 +05:30  INF  Executed action ASPNETMVCCRUD.Controllers.HomeController.Index (ASPNETMVCCRUD) in 407.5732ms
2023-03-19 22:15:33.606 +05:30  INF  Executed endpoint 'ASPNETMVCCRUD.Controllers.HomeController.Index (ASPNETMVCCRUD)'
2023-03-19 22:15:33.648 +05:30  INF  Request finished HTTP/2 GET https://localhost:51198/ - - - 200 - text/html;+charset=utf-8 657.4856ms
2023-03-19 22:15:33.706 +05:30  INF  Request starting HTTP/2 GET https://localhost:51198/_framework/aspnetcore-browser-refresh.js - -
2023-03-19 22:15:33.712 +05:30  INF  Request starting HTTP/2 GET https://localhost:51198/_vs/browserLink - -
2023-03-19 22:15:33.713 +05:30  INF  Request finished HTTP/2 GET https://localhost:51198/_framework/aspnetcore-browser-refresh.js - - - 200 11996 application/javascript;+charset=utf-8 7.4197ms
2023-03-19 22:15:33.861 +05:30  INF  Request finished HTTP/2 GET https://localhost:51198/_vs/browserLink - - - 200 - text/javascript;+charset=UTF-8 148.4075ms
2023-03-19 22:27:53.637 +05:30  INF  Request starting HTTP/2 GET https://localhost:51198/Tasks - -
2023-03-19 22:27:53.642 +05:30  INF  Executing endpoint 'ASPNETMVCCRUD.Controllers.TasksController.Index (ASPNETMVCCRUD)'
2023-03-19 22:27:53.683 +05:30  INF  Route matched with {action = "Index", controller = "Tasks"}. Executing controller action with signature System.Threading.Tasks.Task`1[Microsoft.AspNetCore.Mvc.IActionResult] Index(System.String, System.String, System.String) on controller ASPNETMVCCRUD.Controllers.TasksController (ASPNETMVCCRUD).
2023-03-19 22:27:53.949 +05:30  INF  Index Method  Executed
2023-03-19 22:27:54.938 +05:30  INF  Entity Framework Core 6.0.6 initialized 'MVCDemoDbContext' using provider 'Microsoft.EntityFrameworkCore.SqlServer:6.0.6' with options: None
2023-03-19 22:27:54.947 +05:30  INF  Executing ViewResult, running view Index.
2023-03-19 22:27:55.440 +05:30  INF  Request starting HTTP/2 GET https://localhost:51198/Tasks - -
2023-03-19 22:27:55.446 +05:30  INF  Executing endpoint 'ASPNETMVCCRUD.Controllers.TasksController.Index (ASPNETMVCCRUD)'
2023-03-19 22:27:55.446 +05:30  INF  Route matched with {action = "Index", controller = "Tasks"}. Executing controller action with signature System.Threading.Tasks.Task`1[Microsoft.AspNetCore.Mvc.IActionResult] Index(System.String, System.String, System.String) on controller ASPNETMVCCRUD.Controllers.TasksController (ASPNETMVCCRUD).
2023-03-19 22:27:55.450 +05:30  INF  Index Method  Executed
2023-03-19 22:27:55.452 +05:30  INF  Entity Framework Core 6.0.6 initialized 'MVCDemoDbContext' using provider 'Microsoft.EntityFrameworkCore.SqlServer:6.0.6' with options: None
2023-03-19 22:27:55.452 +05:30  INF  Executing ViewResult, running view Index.
2023-03-19 22:27:58.671 +05:30  INF  Executed DbCommand (31ms) [Parameters=[], CommandType='"Text"', CommandTimeout='30']
SELECT [t].[TaskId], [t].[AssignedTo], [t].[EndDate], [t].[Priorty], [t].[StartDate], [t].[TaskName]
FROM [Tasks] AS [t]
2023-03-19 22:27:58.671 +05:30  INF  Executed DbCommand (36ms) [Parameters=[], CommandType='"Text"', CommandTimeout='30']
SELECT [t].[TaskId], [t].[AssignedTo], [t].[EndDate], [t].[Priorty], [t].[StartDate], [t].[TaskName]
FROM [Tasks] AS [t]
2023-03-19 22:27:58.861 +05:30  INF  Executed ViewResult - view Index executed in 3915.8756ms.
2023-03-19 22:27:58.861 +05:30  INF  Executed ViewResult - view Index executed in 3408.9744ms.
2023-03-19 22:27:58.862 +05:30  INF  Executed action ASPNETMVCCRUD.Controllers.TasksController.Index (ASPNETMVCCRUD) in 5178.0991ms
2023-03-19 22:27:58.862 +05:30  INF  Executed action ASPNETMVCCRUD.Controllers.TasksController.Index (ASPNETMVCCRUD) in 3415.2114ms
2023-03-19 22:27:58.862 +05:30  INF  Executed endpoint 'ASPNETMVCCRUD.Controllers.TasksController.Index (ASPNETMVCCRUD)'
2023-03-19 22:27:58.862 +05:30  INF  Executed endpoint 'ASPNETMVCCRUD.Controllers.TasksController.Index (ASPNETMVCCRUD)'
2023-03-19 22:27:58.877 +05:30  INF  Request finished HTTP/2 GET https://localhost:51198/Tasks - - - 200 - text/html;+charset=utf-8 3437.4959ms
2023-03-19 22:27:58.877 +05:30  INF  Request finished HTTP/2 GET https://localhost:51198/Tasks - - - 200 - text/html;+charset=utf-8 5240.3163ms
2023-03-19 22:27:58.908 +05:30  INF  Request starting HTTP/2 GET https://localhost:51198/_framework/aspnetcore-browser-refresh.js - -
2023-03-19 22:27:58.908 +05:30  INF  Request finished HTTP/2 GET https://localhost:51198/_framework/aspnetcore-browser-refresh.js - - - 200 11996 application/javascript;+charset=utf-8 0.4707ms
2023-03-19 22:27:58.926 +05:30  INF  Request starting HTTP/2 GET https://localhost:51198/_vs/browserLink - -
2023-03-19 22:27:58.952 +05:30  INF  Request finished HTTP/2 GET https://localhost:51198/_vs/browserLink - - - 200 - text/javascript;+charset=UTF-8 24.6061ms
