2023-01-24 19:58:05.356 +05:30  INF  User profile is available. Using 'C:\Users\2136043\AppData\Local\ASP.NET\DataProtection-Keys' as key repository and Windows DPAPI to encrypt keys at rest.
2023-01-24 19:58:05.663 +05:30  INF  Now listening on: https://localhost:51198
2023-01-24 19:58:05.663 +05:30  INF  Now listening on: http://localhost:51199
2023-01-24 19:58:05.667 +05:30  INF  Application started. Press Ctrl+C to shut down.
2023-01-24 19:58:05.667 +05:30  INF  Hosting environment: Development
2023-01-24 19:58:05.667 +05:30  INF  Content root path: C:\MY files\Projects\ASPNETMVCCRUD(Search Done)\ASPNETMVCCRUD\ASPNETMVCCRUD\ASPNETMVCCRUD\
2023-01-24 19:58:05.883 +05:30  INF  Request starting HTTP/2 GET https://localhost:51198/ - -
2023-01-24 19:58:05.938 +05:30  INF  Executing endpoint 'ASPNETMVCCRUD.Controllers.HomeController.Index (ASPNETMVCCRUD)'
2023-01-24 19:58:05.968 +05:30  INF  Route matched with {action = "Index", controller = "Home"}. Executing controller action with signature Microsoft.AspNetCore.Mvc.IActionResult Index() on controller ASPNETMVCCRUD.Controllers.HomeController (ASPNETMVCCRUD).
2023-01-24 19:58:05.971 +05:30  INF  Index Method  Executed
2023-01-24 19:58:05.981 +05:30  INF  Executing ViewResult, running view Index.
2023-01-24 19:58:06.229 +05:30  INF  Executed ViewResult - view Index executed in 247.5403ms.
2023-01-24 19:58:06.234 +05:30  INF  Executed action ASPNETMVCCRUD.Controllers.HomeController.Index (ASPNETMVCCRUD) in 265.3564ms
2023-01-24 19:58:06.235 +05:30  INF  Executed endpoint 'ASPNETMVCCRUD.Controllers.HomeController.Index (ASPNETMVCCRUD)'
2023-01-24 19:58:06.260 +05:30  INF  Request finished HTTP/2 GET https://localhost:51198/ - - - 200 - text/html;+charset=utf-8 381.9570ms
2023-01-24 19:58:06.296 +05:30  INF  Request starting HTTP/2 GET https://localhost:51198/_vs/browserLink - -
2023-01-24 19:58:06.296 +05:30  INF  Request starting HTTP/2 GET https://localhost:51198/_framework/aspnetcore-browser-refresh.js - -
2023-01-24 19:58:06.300 +05:30  INF  Request finished HTTP/2 GET https://localhost:51198/_framework/aspnetcore-browser-refresh.js - - - 200 11996 application/javascript;+charset=utf-8 3.9070ms
2023-01-24 19:58:06.328 +05:30  INF  Request finished HTTP/2 GET https://localhost:51198/_vs/browserLink - - - 200 - text/javascript;+charset=UTF-8 31.4478ms
2023-01-24 19:58:06.452 +05:30  INF  Request starting HTTP/2 GET https://localhost:51198/favicon.ico - -
2023-01-24 19:58:06.477 +05:30  INF  The file /favicon.ico was not modified
2023-01-24 19:58:06.478 +05:30  INF  Request finished HTTP/2 GET https://localhost:51198/favicon.ico - - - 304 - image/x-icon 25.1372ms
2023-01-24 19:58:25.028 +05:30  INF  Request starting HTTP/2 GET https://localhost:51198/ - -
2023-01-24 19:58:25.030 +05:30  INF  Executing endpoint 'ASPNETMVCCRUD.Controllers.HomeController.Index (ASPNETMVCCRUD)'
2023-01-24 19:58:25.030 +05:30  INF  Route matched with {action = "Index", controller = "Home"}. Executing controller action with signature Microsoft.AspNetCore.Mvc.IActionResult Index() on controller ASPNETMVCCRUD.Controllers.HomeController (ASPNETMVCCRUD).
2023-01-24 19:58:25.030 +05:30  INF  Index Method  Executed
2023-01-24 19:58:25.031 +05:30  INF  Executing ViewResult, running view Index.
2023-01-24 19:58:25.045 +05:30  INF  Executed ViewResult - view Index executed in 14.709ms.
2023-01-24 19:58:25.046 +05:30  INF  Executed action ASPNETMVCCRUD.Controllers.HomeController.Index (ASPNETMVCCRUD) in 15.3495ms
2023-01-24 19:58:25.046 +05:30  INF  Executed endpoint 'ASPNETMVCCRUD.Controllers.HomeController.Index (ASPNETMVCCRUD)'
2023-01-24 19:58:25.047 +05:30  INF  Request finished HTTP/2 GET https://localhost:51198/ - - - 200 - text/html;+charset=utf-8 19.3140ms
2023-01-24 19:58:25.081 +05:30  INF  Request starting HTTP/2 GET https://localhost:51198/_vs/browserLink - -
2023-01-24 19:58:25.089 +05:30  INF  Request starting HTTP/2 GET https://localhost:51198/_framework/aspnetcore-browser-refresh.js - -
2023-01-24 19:58:25.090 +05:30  INF  Request finished HTTP/2 GET https://localhost:51198/_framework/aspnetcore-browser-refresh.js - - - 200 11996 application/javascript;+charset=utf-8 1.0293ms
2023-01-24 19:58:25.098 +05:30  INF  Request finished HTTP/2 GET https://localhost:51198/_vs/browserLink - - - 200 - text/javascript;+charset=UTF-8 16.9797ms
2023-01-24 19:58:51.017 +05:30  INF  Request starting HTTP/2 GET https://localhost:51198/ - -
2023-01-24 19:58:51.018 +05:30  INF  Executing endpoint 'ASPNETMVCCRUD.Controllers.HomeController.Index (ASPNETMVCCRUD)'
2023-01-24 19:58:51.018 +05:30  INF  Route matched with {action = "Index", controller = "Home"}. Executing controller action with signature Microsoft.AspNetCore.Mvc.IActionResult Index() on controller ASPNETMVCCRUD.Controllers.HomeController (ASPNETMVCCRUD).
2023-01-24 19:58:51.018 +05:30  INF  Index Method  Executed
2023-01-24 19:58:51.019 +05:30  INF  Executing ViewResult, running view Index.
2023-01-24 19:58:51.030 +05:30  INF  Executed ViewResult - view Index executed in 11.0329ms.
2023-01-24 19:58:51.030 +05:30  INF  Executed action ASPNETMVCCRUD.Controllers.HomeController.Index (ASPNETMVCCRUD) in 11.4395ms
2023-01-24 19:58:51.030 +05:30  INF  Executed endpoint 'ASPNETMVCCRUD.Controllers.HomeController.Index (ASPNETMVCCRUD)'
2023-01-24 19:58:51.032 +05:30  INF  Request finished HTTP/2 GET https://localhost:51198/ - - - 200 - text/html;+charset=utf-8 15.2434ms
2023-01-24 19:58:51.075 +05:30  INF  Request starting HTTP/2 GET https://localhost:51198/_framework/aspnetcore-browser-refresh.js - -
2023-01-24 19:58:51.076 +05:30  INF  Request finished HTTP/2 GET https://localhost:51198/_framework/aspnetcore-browser-refresh.js - - - 200 11996 application/javascript;+charset=utf-8 0.5861ms
2023-01-24 19:58:51.076 +05:30  INF  Request starting HTTP/2 GET https://localhost:51198/_vs/browserLink - -
2023-01-24 19:58:51.100 +05:30  INF  Request finished HTTP/2 GET https://localhost:51198/_vs/browserLink - - - 200 - text/javascript;+charset=UTF-8 23.9383ms
2023-01-24 19:58:52.578 +05:30  INF  Request starting HTTP/2 GET https://localhost:51198/Home/Privacy - -
2023-01-24 19:58:52.581 +05:30  INF  Executing endpoint 'ASPNETMVCCRUD.Controllers.HomeController.Privacy (ASPNETMVCCRUD)'
2023-01-24 19:58:52.584 +05:30  INF  Route matched with {action = "Privacy", controller = "Home"}. Executing controller action with signature Microsoft.AspNetCore.Mvc.IActionResult Privacy() on controller ASPNETMVCCRUD.Controllers.HomeController (ASPNETMVCCRUD).
2023-01-24 19:58:52.584 +05:30  INF  Privacy Method  Executed
2023-01-24 19:58:52.585 +05:30  INF  Executing ViewResult, running view Privacy.
2023-01-24 19:58:52.597 +05:30  INF  Executed ViewResult - view Privacy executed in 13.3225ms.
2023-01-24 19:58:52.598 +05:30  INF  Executed action ASPNETMVCCRUD.Controllers.HomeController.Privacy (ASPNETMVCCRUD) in 13.7975ms
2023-01-24 19:58:52.598 +05:30  INF  Executed endpoint 'ASPNETMVCCRUD.Controllers.HomeController.Privacy (ASPNETMVCCRUD)'
2023-01-24 19:58:52.599 +05:30  INF  Request finished HTTP/2 GET https://localhost:51198/Home/Privacy - - - 200 - text/html;+charset=utf-8 20.7624ms
2023-01-24 19:58:52.621 +05:30  INF  Request starting HTTP/2 GET https://localhost:51198/_vs/browserLink - -
2023-01-24 19:58:52.621 +05:30  INF  Request starting HTTP/2 GET https://localhost:51198/_framework/aspnetcore-browser-refresh.js - -
2023-01-24 19:58:52.621 +05:30  INF  Request finished HTTP/2 GET https://localhost:51198/_framework/aspnetcore-browser-refresh.js - - - 200 11996 application/javascript;+charset=utf-8 0.4282ms
2023-01-24 19:58:52.637 +05:30  INF  Request finished HTTP/2 GET https://localhost:51198/_vs/browserLink - - - 200 - text/javascript;+charset=UTF-8 15.5810ms
2023-01-24 20:02:08.883 +05:30  INF  Request starting HTTP/2 GET https://localhost:51198/Tasks - -
2023-01-24 20:02:08.885 +05:30  INF  Executing endpoint 'ASPNETMVCCRUD.Controllers.TasksController.Index (ASPNETMVCCRUD)'
2023-01-24 20:02:08.911 +05:30  INF  Route matched with {action = "Index", controller = "Tasks"}. Executing controller action with signature System.Threading.Tasks.Task`1[Microsoft.AspNetCore.Mvc.IActionResult] Index(System.String, System.String, System.String) on controller ASPNETMVCCRUD.Controllers.TasksController (ASPNETMVCCRUD).
2023-01-24 20:02:09.119 +05:30  INF  Index Method  Executed
2023-01-24 20:02:09.855 +05:30  INF  Entity Framework Core 6.0.6 initialized 'MVCDemoDbContext' using provider 'Microsoft.EntityFrameworkCore.SqlServer:6.0.6' with options: None
2023-01-24 20:02:09.866 +05:30  INF  Executing ViewResult, running view Index.
2023-01-24 20:02:10.782 +05:30  INF  Executed DbCommand (30ms) [Parameters=[], CommandType='"Text"', CommandTimeout='30']
SELECT [t].[TaskId], [t].[AssignedTo], [t].[EndDate], [t].[Priorty], [t].[StartDate], [t].[TaskName]
FROM [Tasks] AS [t]
2023-01-24 20:02:10.885 +05:30  INF  Executed ViewResult - view Index executed in 1019.8635ms.
2023-01-24 20:02:10.885 +05:30  INF  Executed action ASPNETMVCCRUD.Controllers.TasksController.Index (ASPNETMVCCRUD) in 1973.4732ms
2023-01-24 20:02:10.885 +05:30  INF  Executed endpoint 'ASPNETMVCCRUD.Controllers.TasksController.Index (ASPNETMVCCRUD)'
2023-01-24 20:02:10.893 +05:30  INF  Request finished HTTP/2 GET https://localhost:51198/Tasks - - - 200 - text/html;+charset=utf-8 2010.7263ms
2023-01-24 20:02:10.927 +05:30  INF  Request starting HTTP/2 GET https://localhost:51198/_framework/aspnetcore-browser-refresh.js - -
2023-01-24 20:02:10.927 +05:30  INF  Request starting HTTP/2 GET https://localhost:51198/_vs/browserLink - -
2023-01-24 20:02:10.930 +05:30  INF  Request finished HTTP/2 GET https://localhost:51198/_framework/aspnetcore-browser-refresh.js - - - 200 11996 application/javascript;+charset=utf-8 3.3156ms
2023-01-24 20:02:10.941 +05:30  INF  Request finished HTTP/2 GET https://localhost:51198/_vs/browserLink - - - 200 - text/javascript;+charset=UTF-8 14.2274ms
2023-01-24 20:02:12.118 +05:30  INF  Request starting HTTP/2 GET https://localhost:51198/Tasks/Add - -
2023-01-24 20:02:12.121 +05:30  INF  Executing endpoint 'ASPNETMVCCRUD.Controllers.TasksController.Add (ASPNETMVCCRUD)'
2023-01-24 20:02:12.122 +05:30  INF  Route matched with {action = "Add", controller = "Tasks"}. Executing controller action with signature Microsoft.AspNetCore.Mvc.IActionResult Add() on controller ASPNETMVCCRUD.Controllers.TasksController (ASPNETMVCCRUD).
2023-01-24 20:02:12.125 +05:30  INF  Executing ViewResult, running view Add.
2023-01-24 20:02:12.165 +05:30  INF  Executed ViewResult - view Add executed in 41.7494ms.
2023-01-24 20:02:12.166 +05:30  INF  Executed action ASPNETMVCCRUD.Controllers.TasksController.Add (ASPNETMVCCRUD) in 43.1469ms
2023-01-24 20:02:12.166 +05:30  INF  Executed endpoint 'ASPNETMVCCRUD.Controllers.TasksController.Add (ASPNETMVCCRUD)'
2023-01-24 20:02:12.168 +05:30  INF  Request finished HTTP/2 GET https://localhost:51198/Tasks/Add - - - 200 - text/html;+charset=utf-8 50.0546ms
2023-01-24 20:02:12.197 +05:30  INF  Request starting HTTP/2 GET https://localhost:51198/_framework/aspnetcore-browser-refresh.js - -
2023-01-24 20:02:12.198 +05:30  INF  Request finished HTTP/2 GET https://localhost:51198/_framework/aspnetcore-browser-refresh.js - - - 200 11996 application/javascript;+charset=utf-8 0.5219ms
2023-01-24 20:02:12.199 +05:30  INF  Request starting HTTP/2 GET https://localhost:51198/_vs/browserLink - -
2023-01-24 20:02:12.214 +05:30  INF  Request finished HTTP/2 GET https://localhost:51198/_vs/browserLink - - - 200 - text/javascript;+charset=UTF-8 14.2707ms
2023-01-24 20:02:53.016 +05:30  INF  Request starting HTTP/2 GET https://localhost:51198/Tasks/Add - -
2023-01-24 20:02:53.019 +05:30  INF  Executing endpoint 'ASPNETMVCCRUD.Controllers.TasksController.Add (ASPNETMVCCRUD)'
2023-01-24 20:02:53.019 +05:30  INF  Route matched with {action = "Add", controller = "Tasks"}. Executing controller action with signature Microsoft.AspNetCore.Mvc.IActionResult Add() on controller ASPNETMVCCRUD.Controllers.TasksController (ASPNETMVCCRUD).
2023-01-24 20:02:53.021 +05:30  INF  Executing ViewResult, running view Add.
2023-01-24 20:02:53.030 +05:30  INF  Executed ViewResult - view Add executed in 9.0683ms.
2023-01-24 20:02:53.030 +05:30  INF  Executed action ASPNETMVCCRUD.Controllers.TasksController.Add (ASPNETMVCCRUD) in 11.1159ms
2023-01-24 20:02:53.031 +05:30  INF  Executed endpoint 'ASPNETMVCCRUD.Controllers.TasksController.Add (ASPNETMVCCRUD)'
2023-01-24 20:02:53.032 +05:30  INF  Request finished HTTP/2 GET https://localhost:51198/Tasks/Add - - - 200 - text/html;+charset=utf-8 15.9706ms
2023-01-24 20:02:53.064 +05:30  INF  Request starting HTTP/2 GET https://localhost:51198/_framework/aspnetcore-browser-refresh.js - -
2023-01-24 20:02:53.064 +05:30  INF  Request starting HTTP/2 GET https://localhost:51198/_vs/browserLink - -
2023-01-24 20:02:53.065 +05:30  INF  Request finished HTTP/2 GET https://localhost:51198/_framework/aspnetcore-browser-refresh.js - - - 200 11996 application/javascript;+charset=utf-8 0.5931ms
2023-01-24 20:02:53.077 +05:30  INF  Request finished HTTP/2 GET https://localhost:51198/_vs/browserLink - - - 200 - text/javascript;+charset=UTF-8 12.2252ms
2023-01-24 20:02:54.623 +05:30  INF  Request starting HTTP/2 GET https://localhost:51198/Tasks - -
2023-01-24 20:02:54.625 +05:30  INF  Executing endpoint 'ASPNETMVCCRUD.Controllers.TasksController.Index (ASPNETMVCCRUD)'
2023-01-24 20:02:54.625 +05:30  INF  Route matched with {action = "Index", controller = "Tasks"}. Executing controller action with signature System.Threading.Tasks.Task`1[Microsoft.AspNetCore.Mvc.IActionResult] Index(System.String, System.String, System.String) on controller ASPNETMVCCRUD.Controllers.TasksController (ASPNETMVCCRUD).
2023-01-24 20:02:54.626 +05:30  INF  Index Method  Executed
2023-01-24 20:02:54.630 +05:30  INF  Entity Framework Core 6.0.6 initialized 'MVCDemoDbContext' using provider 'Microsoft.EntityFrameworkCore.SqlServer:6.0.6' with options: None
2023-01-24 20:02:54.630 +05:30  INF  Executing ViewResult, running view Index.
2023-01-24 20:02:54.636 +05:30  INF  Executed DbCommand (2ms) [Parameters=[], CommandType='"Text"', CommandTimeout='30']
SELECT [t].[TaskId], [t].[AssignedTo], [t].[EndDate], [t].[Priorty], [t].[StartDate], [t].[TaskName]
FROM [Tasks] AS [t]
2023-01-24 20:02:54.644 +05:30  INF  Executed ViewResult - view Index executed in 14.1926ms.
2023-01-24 20:02:54.645 +05:30  INF  Executed action ASPNETMVCCRUD.Controllers.TasksController.Index (ASPNETMVCCRUD) in 19.5949ms
2023-01-24 20:02:54.645 +05:30  INF  Executed endpoint 'ASPNETMVCCRUD.Controllers.TasksController.Index (ASPNETMVCCRUD)'
2023-01-24 20:02:54.647 +05:30  INF  Request finished HTTP/2 GET https://localhost:51198/Tasks - - - 200 - text/html;+charset=utf-8 24.2537ms
2023-01-24 20:02:54.670 +05:30  INF  Request starting HTTP/2 GET https://localhost:51198/_framework/aspnetcore-browser-refresh.js - -
2023-01-24 20:02:54.670 +05:30  INF  Request starting HTTP/2 GET https://localhost:51198/_vs/browserLink - -
2023-01-24 20:02:54.671 +05:30  INF  Request finished HTTP/2 GET https://localhost:51198/_framework/aspnetcore-browser-refresh.js - - - 200 11996 application/javascript;+charset=utf-8 0.4047ms
2023-01-24 20:02:54.689 +05:30  INF  Request finished HTTP/2 GET https://localhost:51198/_vs/browserLink - - - 200 - text/javascript;+charset=UTF-8 18.4324ms
2023-01-24 20:02:59.038 +05:30  INF  Request starting HTTP/2 GET https://localhost:51198/Tasks/View/1 - -
2023-01-24 20:02:59.039 +05:30  INF  Executing endpoint 'ASPNETMVCCRUD.Controllers.TasksController.View (ASPNETMVCCRUD)'
2023-01-24 20:02:59.043 +05:30  INF  Route matched with {action = "View", controller = "Tasks"}. Executing controller action with signature System.Threading.Tasks.Task`1[Microsoft.AspNetCore.Mvc.IActionResult] View(Int32) on controller ASPNETMVCCRUD.Controllers.TasksController (ASPNETMVCCRUD).
2023-01-24 20:02:59.045 +05:30  INF  View Method  Executed
2023-01-24 20:02:59.097 +05:30  INF  Entity Framework Core 6.0.6 initialized 'MVCDemoDbContext' using provider 'Microsoft.EntityFrameworkCore.SqlServer:6.0.6' with options: None
2023-01-24 20:02:59.205 +05:30  INF  Executed DbCommand (34ms) [Parameters=[@__id_0='?' (DbType = Int32)], CommandType='"Text"', CommandTimeout='30']
SELECT TOP(1) [t].[TaskId], [t].[AssignedTo], [t].[EndDate], [t].[Priorty], [t].[StartDate], [t].[TaskName]
FROM [Tasks] AS [t]
WHERE [t].[TaskId] = @__id_0
2023-01-24 20:02:59.217 +05:30  INF  Executing ViewResult, running view View.
2023-01-24 20:02:59.229 +05:30  INF  Executed ViewResult - view View executed in 11.8726ms.
2023-01-24 20:02:59.229 +05:30  INF  Executed action ASPNETMVCCRUD.Controllers.TasksController.View (ASPNETMVCCRUD) in 185.5966ms
2023-01-24 20:02:59.229 +05:30  INF  Executed endpoint 'ASPNETMVCCRUD.Controllers.TasksController.View (ASPNETMVCCRUD)'
2023-01-24 20:02:59.230 +05:30  INF  Request finished HTTP/2 GET https://localhost:51198/Tasks/View/1 - - - 200 - text/html;+charset=utf-8 192.0309ms
2023-01-24 20:02:59.248 +05:30  INF  Request starting HTTP/2 GET https://localhost:51198/_vs/browserLink - -
2023-01-24 20:02:59.248 +05:30  INF  Request starting HTTP/2 GET https://localhost:51198/_framework/aspnetcore-browser-refresh.js - -
2023-01-24 20:02:59.248 +05:30  INF  Request finished HTTP/2 GET https://localhost:51198/_framework/aspnetcore-browser-refresh.js - - - 200 11996 application/javascript;+charset=utf-8 0.3081ms
2023-01-24 20:02:59.286 +05:30  INF  Request finished HTTP/2 GET https://localhost:51198/_vs/browserLink - - - 200 - text/javascript;+charset=UTF-8 38.4228ms
2023-01-24 20:03:17.829 +05:30  INF  Request starting HTTP/2 POST https://localhost:51198/Tasks/View/View application/x-www-form-urlencoded 92
2023-01-24 20:03:17.830 +05:30  INF  Executing endpoint 'ASPNETMVCCRUD.Controllers.TasksController.View (ASPNETMVCCRUD)'
2023-01-24 20:03:17.836 +05:30  INF  Route matched with {action = "View", controller = "Tasks"}. Executing controller action with signature System.Threading.Tasks.Task`1[Microsoft.AspNetCore.Mvc.IActionResult] View(ASPNETMVCCRUD.Models.UpdateTaskViewModel) on controller ASPNETMVCCRUD.Controllers.TasksController (ASPNETMVCCRUD).
2023-01-24 20:03:17.853 +05:30  INF  View Update Method  Executed
2023-01-24 20:03:17.855 +05:30  INF  Entity Framework Core 6.0.6 initialized 'MVCDemoDbContext' using provider 'Microsoft.EntityFrameworkCore.SqlServer:6.0.6' with options: None
2023-01-24 20:03:17.882 +05:30  INF  Executed DbCommand (5ms) [Parameters=[@__p_0='?' (DbType = Int32)], CommandType='"Text"', CommandTimeout='30']
SELECT TOP(1) [t].[TaskId], [t].[AssignedTo], [t].[EndDate], [t].[Priorty], [t].[StartDate], [t].[TaskName]
FROM [Tasks] AS [t]
WHERE [t].[TaskId] = @__p_0
2023-01-24 20:03:18.001 +05:30  INF  Executed DbCommand (5ms) [Parameters=[@p1='?' (DbType = Int32), @p0='?' (DbType = Int32)], CommandType='"Text"', CommandTimeout='30']
SET NOCOUNT ON;
UPDATE [Tasks] SET [Priorty] = @p0
WHERE [TaskId] = @p1;
SELECT @@ROWCOUNT;
2023-01-24 20:03:18.026 +05:30  INF  Executing RedirectResult, redirecting to /Tasks.
2023-01-24 20:03:18.026 +05:30  INF  Executed action ASPNETMVCCRUD.Controllers.TasksController.View (ASPNETMVCCRUD) in 189.397ms
2023-01-24 20:03:18.026 +05:30  INF  Executed endpoint 'ASPNETMVCCRUD.Controllers.TasksController.View (ASPNETMVCCRUD)'
2023-01-24 20:03:18.026 +05:30  INF  Request finished HTTP/2 POST https://localhost:51198/Tasks/View/View application/x-www-form-urlencoded 92 - 302 0 - 197.4136ms
2023-01-24 20:03:18.030 +05:30  INF  Request starting HTTP/2 GET https://localhost:51198/Tasks - -
2023-01-24 20:03:18.030 +05:30  INF  Executing endpoint 'ASPNETMVCCRUD.Controllers.TasksController.Index (ASPNETMVCCRUD)'
2023-01-24 20:03:18.031 +05:30  INF  Route matched with {action = "Index", controller = "Tasks"}. Executing controller action with signature System.Threading.Tasks.Task`1[Microsoft.AspNetCore.Mvc.IActionResult] Index(System.String, System.String, System.String) on controller ASPNETMVCCRUD.Controllers.TasksController (ASPNETMVCCRUD).
2023-01-24 20:03:18.031 +05:30  INF  Index Method  Executed
2023-01-24 20:03:18.031 +05:30  INF  Entity Framework Core 6.0.6 initialized 'MVCDemoDbContext' using provider 'Microsoft.EntityFrameworkCore.SqlServer:6.0.6' with options: None
2023-01-24 20:03:18.031 +05:30  INF  Executing ViewResult, running view Index.
2023-01-24 20:03:18.033 +05:30  INF  Executed DbCommand (1ms) [Parameters=[], CommandType='"Text"', CommandTimeout='30']
SELECT [t].[TaskId], [t].[AssignedTo], [t].[EndDate], [t].[Priorty], [t].[StartDate], [t].[TaskName]
FROM [Tasks] AS [t]
2023-01-24 20:03:18.043 +05:30  INF  Executed ViewResult - view Index executed in 11.7189ms.
2023-01-24 20:03:18.043 +05:30  INF  Executed action ASPNETMVCCRUD.Controllers.TasksController.Index (ASPNETMVCCRUD) in 12.634ms
2023-01-24 20:03:18.043 +05:30  INF  Executed endpoint 'ASPNETMVCCRUD.Controllers.TasksController.Index (ASPNETMVCCRUD)'
2023-01-24 20:03:18.045 +05:30  INF  Request finished HTTP/2 GET https://localhost:51198/Tasks - - - 200 - text/html;+charset=utf-8 15.0516ms
2023-01-24 20:03:18.069 +05:30  INF  Request starting HTTP/2 GET https://localhost:51198/_framework/aspnetcore-browser-refresh.js - -
2023-01-24 20:03:18.070 +05:30  INF  Request finished HTTP/2 GET https://localhost:51198/_framework/aspnetcore-browser-refresh.js - - - 200 11996 application/javascript;+charset=utf-8 1.1137ms
2023-01-24 20:03:18.070 +05:30  INF  Request starting HTTP/2 GET https://localhost:51198/_vs/browserLink - -
2023-01-24 20:03:18.080 +05:30  INF  Request finished HTTP/2 GET https://localhost:51198/_vs/browserLink - - - 200 - text/javascript;+charset=UTF-8 8.9672ms
