2023-02-08 09:39:34.107 +05:30  INF  User profile is available. Using 'C:\Users\2136043\AppData\Local\ASP.NET\DataProtection-Keys' as key repository and Windows DPAPI to encrypt keys at rest.
2023-02-08 09:39:34.315 +05:30  INF  Now listening on: https://localhost:51198
2023-02-08 09:39:34.315 +05:30  INF  Now listening on: http://localhost:51199
2023-02-08 09:39:34.317 +05:30  INF  Application started. Press Ctrl+C to shut down.
2023-02-08 09:39:34.318 +05:30  INF  Hosting environment: Development
2023-02-08 09:39:34.318 +05:30  INF  Content root path: C:\MY files\Projects\ASPNETMVCCRUD(Search Done)\ASPNETMVCCRUD\ASPNETMVCCRUD\ASPNETMVCCRUD\
2023-02-08 09:39:35.660 +05:30  INF  Request starting HTTP/2 GET https://localhost:51198/ - -
2023-02-08 09:39:35.766 +05:30  INF  Executing endpoint 'ASPNETMVCCRUD.Controllers.HomeController.Index (ASPNETMVCCRUD)'
2023-02-08 09:39:35.843 +05:30  INF  Route matched with {action = "Index", controller = "Home"}. Executing controller action with signature Microsoft.AspNetCore.Mvc.IActionResult Index() on controller ASPNETMVCCRUD.Controllers.HomeController (ASPNETMVCCRUD).
2023-02-08 09:39:35.848 +05:30  INF  Index Method  Executed
2023-02-08 09:39:35.865 +05:30  INF  Executing ViewResult, running view Index.
2023-02-08 09:39:36.085 +05:30  INF  Executed ViewResult - view Index executed in 225.805ms.
2023-02-08 09:39:36.090 +05:30  INF  Executed action ASPNETMVCCRUD.Controllers.HomeController.Index (ASPNETMVCCRUD) in 245.2292ms
2023-02-08 09:39:36.091 +05:30  INF  Executed endpoint 'ASPNETMVCCRUD.Controllers.HomeController.Index (ASPNETMVCCRUD)'
2023-02-08 09:39:36.122 +05:30  INF  Request finished HTTP/2 GET https://localhost:51198/ - - - 200 - text/html;+charset=utf-8 467.4780ms
2023-02-08 09:39:36.158 +05:30  INF  Request starting HTTP/2 GET https://localhost:51198/_framework/aspnetcore-browser-refresh.js - -
2023-02-08 09:39:36.163 +05:30  INF  Request finished HTTP/2 GET https://localhost:51198/_framework/aspnetcore-browser-refresh.js - - - 200 11996 application/javascript;+charset=utf-8 5.0759ms
2023-02-08 09:39:36.177 +05:30  INF  Request starting HTTP/2 GET https://localhost:51198/_vs/browserLink - -
2023-02-08 09:39:36.233 +05:30  INF  Request finished HTTP/2 GET https://localhost:51198/_vs/browserLink - - - 200 - text/javascript;+charset=UTF-8 56.3491ms
2023-02-08 09:39:48.617 +05:30  INF  Request starting HTTP/2 GET https://localhost:51198/ - -
2023-02-08 09:39:48.619 +05:30  INF  Executing endpoint 'ASPNETMVCCRUD.Controllers.HomeController.Index (ASPNETMVCCRUD)'
2023-02-08 09:39:48.620 +05:30  INF  Route matched with {action = "Index", controller = "Home"}. Executing controller action with signature Microsoft.AspNetCore.Mvc.IActionResult Index() on controller ASPNETMVCCRUD.Controllers.HomeController (ASPNETMVCCRUD).
2023-02-08 09:39:48.620 +05:30  INF  Index Method  Executed
2023-02-08 09:39:48.621 +05:30  INF  Executing ViewResult, running view Index.
2023-02-08 09:39:48.645 +05:30  INF  Executed ViewResult - view Index executed in 24.066ms.
2023-02-08 09:39:48.645 +05:30  INF  Executed action ASPNETMVCCRUD.Controllers.HomeController.Index (ASPNETMVCCRUD) in 24.5975ms
2023-02-08 09:39:48.645 +05:30  INF  Executed endpoint 'ASPNETMVCCRUD.Controllers.HomeController.Index (ASPNETMVCCRUD)'
2023-02-08 09:39:48.646 +05:30  INF  Request finished HTTP/2 GET https://localhost:51198/ - - - 200 - text/html;+charset=utf-8 29.5221ms
2023-02-08 09:39:48.669 +05:30  INF  Request starting HTTP/2 GET https://localhost:51198/_vs/browserLink - -
2023-02-08 09:39:48.669 +05:30  INF  Request starting HTTP/2 GET https://localhost:51198/_framework/aspnetcore-browser-refresh.js - -
2023-02-08 09:39:48.670 +05:30  INF  Request finished HTTP/2 GET https://localhost:51198/_framework/aspnetcore-browser-refresh.js - - - 200 11996 application/javascript;+charset=utf-8 0.7178ms
2023-02-08 09:39:48.696 +05:30  INF  Request finished HTTP/2 GET https://localhost:51198/_vs/browserLink - - - 200 - text/javascript;+charset=UTF-8 25.6257ms
2023-02-08 09:39:53.219 +05:30  INF  Request starting HTTP/2 GET https://localhost:51198/ - -
2023-02-08 09:39:53.221 +05:30  INF  Executing endpoint 'ASPNETMVCCRUD.Controllers.HomeController.Index (ASPNETMVCCRUD)'
2023-02-08 09:39:53.222 +05:30  INF  Route matched with {action = "Index", controller = "Home"}. Executing controller action with signature Microsoft.AspNetCore.Mvc.IActionResult Index() on controller ASPNETMVCCRUD.Controllers.HomeController (ASPNETMVCCRUD).
2023-02-08 09:39:53.223 +05:30  INF  Index Method  Executed
2023-02-08 09:39:53.223 +05:30  INF  Executing ViewResult, running view Index.
2023-02-08 09:39:53.226 +05:30  INF  Executed ViewResult - view Index executed in 3.365ms.
2023-02-08 09:39:53.226 +05:30  INF  Executed action ASPNETMVCCRUD.Controllers.HomeController.Index (ASPNETMVCCRUD) in 3.7911ms
2023-02-08 09:39:53.226 +05:30  INF  Executed endpoint 'ASPNETMVCCRUD.Controllers.HomeController.Index (ASPNETMVCCRUD)'
2023-02-08 09:39:53.227 +05:30  INF  Request finished HTTP/2 GET https://localhost:51198/ - - - 200 - text/html;+charset=utf-8 8.1751ms
2023-02-08 09:39:53.254 +05:30  INF  Request starting HTTP/2 GET https://localhost:51198/_vs/browserLink - -
2023-02-08 09:39:53.254 +05:30  INF  Request starting HTTP/2 GET https://localhost:51198/_framework/aspnetcore-browser-refresh.js - -
2023-02-08 09:39:53.255 +05:30  INF  Request finished HTTP/2 GET https://localhost:51198/_framework/aspnetcore-browser-refresh.js - - - 200 11996 application/javascript;+charset=utf-8 0.5331ms
2023-02-08 09:39:53.266 +05:30  INF  Request finished HTTP/2 GET https://localhost:51198/_vs/browserLink - - - 200 - text/javascript;+charset=UTF-8 11.1618ms
2023-02-08 09:40:07.542 +05:30  INF  Request starting HTTP/2 GET https://localhost:51198/Home - -
2023-02-08 09:40:07.547 +05:30  INF  Executing endpoint 'ASPNETMVCCRUD.Controllers.HomeController.Index (ASPNETMVCCRUD)'
2023-02-08 09:40:07.548 +05:30  INF  Route matched with {action = "Index", controller = "Home"}. Executing controller action with signature Microsoft.AspNetCore.Mvc.IActionResult Index() on controller ASPNETMVCCRUD.Controllers.HomeController (ASPNETMVCCRUD).
2023-02-08 09:40:07.548 +05:30  INF  Index Method  Executed
2023-02-08 09:40:07.548 +05:30  INF  Executing ViewResult, running view Index.
2023-02-08 09:40:07.567 +05:30  INF  Executed ViewResult - view Index executed in 19.3117ms.
2023-02-08 09:40:07.568 +05:30  INF  Executed action ASPNETMVCCRUD.Controllers.HomeController.Index (ASPNETMVCCRUD) in 20.12ms
2023-02-08 09:40:07.568 +05:30  INF  Executed endpoint 'ASPNETMVCCRUD.Controllers.HomeController.Index (ASPNETMVCCRUD)'
2023-02-08 09:40:07.571 +05:30  INF  Request finished HTTP/2 GET https://localhost:51198/Home - - - 200 - text/html;+charset=utf-8 27.9199ms
2023-02-08 09:40:07.594 +05:30  INF  Request starting HTTP/2 GET https://localhost:51198/_framework/aspnetcore-browser-refresh.js - -
2023-02-08 09:40:07.594 +05:30  INF  Request starting HTTP/2 GET https://localhost:51198/_vs/browserLink - -
2023-02-08 09:40:07.594 +05:30  INF  Request finished HTTP/2 GET https://localhost:51198/_framework/aspnetcore-browser-refresh.js - - - 200 11996 application/javascript;+charset=utf-8 0.2183ms
2023-02-08 09:40:07.612 +05:30  INF  Request finished HTTP/2 GET https://localhost:51198/_vs/browserLink - - - 200 - text/javascript;+charset=UTF-8 17.3000ms
2023-02-08 09:40:23.468 +05:30  INF  Request starting HTTP/2 GET https://localhost:51198/Home/Privacy - -
2023-02-08 09:40:23.469 +05:30  INF  Executing endpoint 'ASPNETMVCCRUD.Controllers.HomeController.Privacy (ASPNETMVCCRUD)'
2023-02-08 09:40:23.473 +05:30  INF  Route matched with {action = "Privacy", controller = "Home"}. Executing controller action with signature Microsoft.AspNetCore.Mvc.IActionResult Privacy() on controller ASPNETMVCCRUD.Controllers.HomeController (ASPNETMVCCRUD).
2023-02-08 09:40:23.473 +05:30  INF  Privacy Method  Executed
2023-02-08 09:40:23.474 +05:30  INF  Executing ViewResult, running view Privacy.
2023-02-08 09:40:23.483 +05:30  INF  Executed ViewResult - view Privacy executed in 9.6569ms.
2023-02-08 09:40:23.483 +05:30  INF  Executed action ASPNETMVCCRUD.Controllers.HomeController.Privacy (ASPNETMVCCRUD) in 10.0019ms
2023-02-08 09:40:23.483 +05:30  INF  Executed endpoint 'ASPNETMVCCRUD.Controllers.HomeController.Privacy (ASPNETMVCCRUD)'
2023-02-08 09:40:23.485 +05:30  INF  Request finished HTTP/2 GET https://localhost:51198/Home/Privacy - - - 200 - text/html;+charset=utf-8 17.1746ms
2023-02-08 09:40:23.502 +05:30  INF  Request starting HTTP/2 GET https://localhost:51198/_vs/browserLink - -
2023-02-08 09:40:23.502 +05:30  INF  Request starting HTTP/2 GET https://localhost:51198/_framework/aspnetcore-browser-refresh.js - -
2023-02-08 09:40:23.502 +05:30  INF  Request finished HTTP/2 GET https://localhost:51198/_framework/aspnetcore-browser-refresh.js - - - 200 11996 application/javascript;+charset=utf-8 0.2472ms
2023-02-08 09:40:23.517 +05:30  INF  Request finished HTTP/2 GET https://localhost:51198/_vs/browserLink - - - 200 - text/javascript;+charset=UTF-8 15.7803ms
2023-02-08 09:41:01.273 +05:30  INF  Request starting HTTP/2 GET https://localhost:51198/Tasks - -
2023-02-08 09:41:01.274 +05:30  INF  Executing endpoint 'ASPNETMVCCRUD.Controllers.TasksController.Index (ASPNETMVCCRUD)'
2023-02-08 09:41:01.306 +05:30  INF  Route matched with {action = "Index", controller = "Tasks"}. Executing controller action with signature System.Threading.Tasks.Task`1[Microsoft.AspNetCore.Mvc.IActionResult] Index(System.String, System.String, System.String) on controller ASPNETMVCCRUD.Controllers.TasksController (ASPNETMVCCRUD).
2023-02-08 09:41:01.531 +05:30  INF  Index Method  Executed
2023-02-08 09:41:02.139 +05:30  INF  Entity Framework Core 6.0.6 initialized 'MVCDemoDbContext' using provider 'Microsoft.EntityFrameworkCore.SqlServer:6.0.6' with options: None
2023-02-08 09:41:02.152 +05:30  INF  Executing ViewResult, running view Index.
2023-02-08 09:41:02.908 +05:30  INF  Executed DbCommand (29ms) [Parameters=[], CommandType='"Text"', CommandTimeout='30']
SELECT [t].[TaskId], [t].[AssignedTo], [t].[EndDate], [t].[Priorty], [t].[StartDate], [t].[TaskName]
FROM [Tasks] AS [t]
2023-02-08 09:41:02.938 +05:30  INF  Request starting HTTP/2 GET https://localhost:51198/Tasks/Add - -
2023-02-08 09:41:02.939 +05:30  INF  Executing endpoint 'ASPNETMVCCRUD.Controllers.TasksController.Add (ASPNETMVCCRUD)'
2023-02-08 09:41:02.941 +05:30  INF  Route matched with {action = "Add", controller = "Tasks"}. Executing controller action with signature Microsoft.AspNetCore.Mvc.IActionResult Add() on controller ASPNETMVCCRUD.Controllers.TasksController (ASPNETMVCCRUD).
2023-02-08 09:41:02.943 +05:30  INF  Executing ViewResult, running view Add.
2023-02-08 09:41:02.992 +05:30  INF  Executed ViewResult - view Add executed in 50.5062ms.
2023-02-08 09:41:02.992 +05:30  INF  Executed action ASPNETMVCCRUD.Controllers.TasksController.Add (ASPNETMVCCRUD) in 51.5031ms
2023-02-08 09:41:02.992 +05:30  INF  Executed endpoint 'ASPNETMVCCRUD.Controllers.TasksController.Add (ASPNETMVCCRUD)'
2023-02-08 09:41:02.995 +05:30  INF  Request finished HTTP/2 GET https://localhost:51198/Tasks/Add - - - 200 - text/html;+charset=utf-8 56.5582ms
2023-02-08 09:41:02.997 +05:30  INF  Executed ViewResult - view Index executed in 846.8385ms.
2023-02-08 09:41:02.997 +05:30  INF  Executed action ASPNETMVCCRUD.Controllers.TasksController.Index (ASPNETMVCCRUD) in 1691.1871ms
2023-02-08 09:41:02.997 +05:30  INF  Executed endpoint 'ASPNETMVCCRUD.Controllers.TasksController.Index (ASPNETMVCCRUD)'
2023-02-08 09:41:03.002 +05:30  INF  Request finished HTTP/2 GET https://localhost:51198/Tasks - - - 200 - text/html;+charset=utf-8 1729.4329ms
2023-02-08 09:41:03.014 +05:30  INF  Request starting HTTP/2 GET https://localhost:51198/_vs/browserLink - -
2023-02-08 09:41:03.019 +05:30  INF  Request starting HTTP/2 GET https://localhost:51198/_framework/aspnetcore-browser-refresh.js - -
2023-02-08 09:41:03.020 +05:30  INF  Request finished HTTP/2 GET https://localhost:51198/_framework/aspnetcore-browser-refresh.js - - - 200 11996 application/javascript;+charset=utf-8 0.7981ms
2023-02-08 09:41:03.037 +05:30  INF  Request finished HTTP/2 GET https://localhost:51198/_vs/browserLink - - - 200 - text/javascript;+charset=UTF-8 23.7025ms
2023-02-08 09:41:11.714 +05:30  INF  Request starting HTTP/2 GET https://localhost:51198/Tasks - -
2023-02-08 09:41:11.716 +05:30  INF  Executing endpoint 'ASPNETMVCCRUD.Controllers.TasksController.Index (ASPNETMVCCRUD)'
2023-02-08 09:41:11.716 +05:30  INF  Route matched with {action = "Index", controller = "Tasks"}. Executing controller action with signature System.Threading.Tasks.Task`1[Microsoft.AspNetCore.Mvc.IActionResult] Index(System.String, System.String, System.String) on controller ASPNETMVCCRUD.Controllers.TasksController (ASPNETMVCCRUD).
2023-02-08 09:41:11.721 +05:30  INF  Index Method  Executed
2023-02-08 09:41:11.723 +05:30  INF  Entity Framework Core 6.0.6 initialized 'MVCDemoDbContext' using provider 'Microsoft.EntityFrameworkCore.SqlServer:6.0.6' with options: None
2023-02-08 09:41:11.724 +05:30  INF  Executing ViewResult, running view Index.
2023-02-08 09:41:11.732 +05:30  INF  Executed DbCommand (2ms) [Parameters=[], CommandType='"Text"', CommandTimeout='30']
SELECT [t].[TaskId], [t].[AssignedTo], [t].[EndDate], [t].[Priorty], [t].[StartDate], [t].[TaskName]
FROM [Tasks] AS [t]
2023-02-08 09:41:11.735 +05:30  INF  Executed ViewResult - view Index executed in 11.472ms.
2023-02-08 09:41:11.735 +05:30  INF  Executed action ASPNETMVCCRUD.Controllers.TasksController.Index (ASPNETMVCCRUD) in 19.042ms
2023-02-08 09:41:11.735 +05:30  INF  Executed endpoint 'ASPNETMVCCRUD.Controllers.TasksController.Index (ASPNETMVCCRUD)'
2023-02-08 09:41:11.738 +05:30  INF  Request finished HTTP/2 GET https://localhost:51198/Tasks - - - 200 - text/html;+charset=utf-8 23.4261ms
2023-02-08 09:41:11.755 +05:30  INF  Request starting HTTP/2 GET https://localhost:51198/_vs/browserLink - -
2023-02-08 09:41:11.755 +05:30  INF  Request starting HTTP/2 GET https://localhost:51198/_framework/aspnetcore-browser-refresh.js - -
2023-02-08 09:41:11.756 +05:30  INF  Request finished HTTP/2 GET https://localhost:51198/_framework/aspnetcore-browser-refresh.js - - - 200 11996 application/javascript;+charset=utf-8 0.2741ms
2023-02-08 09:41:11.769 +05:30  INF  Request finished HTTP/2 GET https://localhost:51198/_vs/browserLink - - - 200 - text/javascript;+charset=UTF-8 13.1148ms
2023-02-08 09:41:20.439 +05:30  INF  Request starting HTTP/2 GET https://localhost:51198/Tasks/Add - -
2023-02-08 09:41:20.442 +05:30  INF  Executing endpoint 'ASPNETMVCCRUD.Controllers.TasksController.Add (ASPNETMVCCRUD)'
2023-02-08 09:41:20.443 +05:30  INF  Route matched with {action = "Add", controller = "Tasks"}. Executing controller action with signature Microsoft.AspNetCore.Mvc.IActionResult Add() on controller ASPNETMVCCRUD.Controllers.TasksController (ASPNETMVCCRUD).
2023-02-08 09:41:20.444 +05:30  INF  Executing ViewResult, running view Add.
2023-02-08 09:41:20.462 +05:30  INF  Executed ViewResult - view Add executed in 17.4532ms.
2023-02-08 09:41:20.462 +05:30  INF  Executed action ASPNETMVCCRUD.Controllers.TasksController.Add (ASPNETMVCCRUD) in 18.272ms
2023-02-08 09:41:20.462 +05:30  INF  Executed endpoint 'ASPNETMVCCRUD.Controllers.TasksController.Add (ASPNETMVCCRUD)'
2023-02-08 09:41:20.465 +05:30  INF  Request finished HTTP/2 GET https://localhost:51198/Tasks/Add - - - 200 - text/html;+charset=utf-8 26.1389ms
2023-02-08 09:41:20.490 +05:30  INF  Request starting HTTP/2 GET https://localhost:51198/_framework/aspnetcore-browser-refresh.js - -
2023-02-08 09:41:20.490 +05:30  INF  Request finished HTTP/2 GET https://localhost:51198/_framework/aspnetcore-browser-refresh.js - - - 200 11996 application/javascript;+charset=utf-8 0.2399ms
2023-02-08 09:41:20.491 +05:30  INF  Request starting HTTP/2 GET https://localhost:51198/_vs/browserLink - -
2023-02-08 09:41:20.516 +05:30  INF  Request finished HTTP/2 GET https://localhost:51198/_vs/browserLink - - - 200 - text/javascript;+charset=UTF-8 25.8436ms
2023-02-08 09:41:27.856 +05:30  INF  Request starting HTTP/2 GET https://localhost:51198/Tasks - -
2023-02-08 09:41:27.857 +05:30  INF  Executing endpoint 'ASPNETMVCCRUD.Controllers.TasksController.Index (ASPNETMVCCRUD)'
2023-02-08 09:41:27.857 +05:30  INF  Route matched with {action = "Index", controller = "Tasks"}. Executing controller action with signature System.Threading.Tasks.Task`1[Microsoft.AspNetCore.Mvc.IActionResult] Index(System.String, System.String, System.String) on controller ASPNETMVCCRUD.Controllers.TasksController (ASPNETMVCCRUD).
2023-02-08 09:41:27.857 +05:30  INF  Index Method  Executed
2023-02-08 09:41:27.916 +05:30  INF  Entity Framework Core 6.0.6 initialized 'MVCDemoDbContext' using provider 'Microsoft.EntityFrameworkCore.SqlServer:6.0.6' with options: None
2023-02-08 09:41:27.916 +05:30  INF  Executing ViewResult, running view Index.
2023-02-08 09:41:27.925 +05:30  INF  Executed DbCommand (4ms) [Parameters=[], CommandType='"Text"', CommandTimeout='30']
SELECT [t].[TaskId], [t].[AssignedTo], [t].[EndDate], [t].[Priorty], [t].[StartDate], [t].[TaskName]
FROM [Tasks] AS [t]
2023-02-08 09:41:27.928 +05:30  INF  Executed ViewResult - view Index executed in 12.1407ms.
2023-02-08 09:41:27.928 +05:30  INF  Executed action ASPNETMVCCRUD.Controllers.TasksController.Index (ASPNETMVCCRUD) in 71.5343ms
2023-02-08 09:41:27.928 +05:30  INF  Executed endpoint 'ASPNETMVCCRUD.Controllers.TasksController.Index (ASPNETMVCCRUD)'
2023-02-08 09:41:27.930 +05:30  INF  Request finished HTTP/2 GET https://localhost:51198/Tasks - - - 200 - text/html;+charset=utf-8 74.2835ms
2023-02-08 09:41:27.960 +05:30  INF  Request starting HTTP/2 GET https://localhost:51198/_framework/aspnetcore-browser-refresh.js - -
2023-02-08 09:41:27.961 +05:30  INF  Request starting HTTP/2 GET https://localhost:51198/_vs/browserLink - -
2023-02-08 09:41:27.961 +05:30  INF  Request finished HTTP/2 GET https://localhost:51198/_framework/aspnetcore-browser-refresh.js - - - 200 11996 application/javascript;+charset=utf-8 0.4794ms
2023-02-08 09:41:27.975 +05:30  INF  Request finished HTTP/2 GET https://localhost:51198/_vs/browserLink - - - 200 - text/javascript;+charset=UTF-8 14.2476ms
2023-02-08 09:41:48.179 +05:30  INF  Request starting HTTP/2 GET https://localhost:51198/Tasks?SearchById=&SearchByName=ick&SearchByAssigned= - -
2023-02-08 09:41:48.180 +05:30  INF  Executing endpoint 'ASPNETMVCCRUD.Controllers.TasksController.Index (ASPNETMVCCRUD)'
2023-02-08 09:41:48.180 +05:30  INF  Route matched with {action = "Index", controller = "Tasks"}. Executing controller action with signature System.Threading.Tasks.Task`1[Microsoft.AspNetCore.Mvc.IActionResult] Index(System.String, System.String, System.String) on controller ASPNETMVCCRUD.Controllers.TasksController (ASPNETMVCCRUD).
2023-02-08 09:41:48.189 +05:30  INF  Index Method  Executed
2023-02-08 09:41:48.189 +05:30  INF  Entity Framework Core 6.0.6 initialized 'MVCDemoDbContext' using provider 'Microsoft.EntityFrameworkCore.SqlServer:6.0.6' with options: None
2023-02-08 09:41:48.190 +05:30  INF  SearchByName : ick
2023-02-08 09:41:48.190 +05:30  INF  Executing ViewResult, running view Index.
2023-02-08 09:41:48.341 +05:30  INF  Executed DbCommand (28ms) [Parameters=[@__SearchByName_0='?' (Size = 4000)], CommandType='"Text"', CommandTimeout='30']
SELECT [t].[TaskId], [t].[AssignedTo], [t].[EndDate], [t].[Priorty], [t].[StartDate], [t].[TaskName]
FROM [Tasks] AS [t]
WHERE (@__SearchByName_0 LIKE N'') OR (CHARINDEX(@__SearchByName_0, [t].[TaskName]) > 0)
2023-02-08 09:41:48.355 +05:30  INF  Executed ViewResult - view Index executed in 165.391ms.
2023-02-08 09:41:48.356 +05:30  INF  Executed action ASPNETMVCCRUD.Controllers.TasksController.Index (ASPNETMVCCRUD) in 175.5293ms
2023-02-08 09:41:48.356 +05:30  INF  Executed endpoint 'ASPNETMVCCRUD.Controllers.TasksController.Index (ASPNETMVCCRUD)'
2023-02-08 09:41:48.357 +05:30  INF  Request finished HTTP/2 GET https://localhost:51198/Tasks?SearchById=&SearchByName=ick&SearchByAssigned= - - - 200 - text/html;+charset=utf-8 177.9679ms
2023-02-08 09:41:48.379 +05:30  INF  Request starting HTTP/2 GET https://localhost:51198/_framework/aspnetcore-browser-refresh.js - -
2023-02-08 09:41:48.379 +05:30  INF  Request starting HTTP/2 GET https://localhost:51198/_vs/browserLink - -
2023-02-08 09:41:48.379 +05:30  INF  Request finished HTTP/2 GET https://localhost:51198/_framework/aspnetcore-browser-refresh.js - - - 200 11996 application/javascript;+charset=utf-8 0.3350ms
2023-02-08 09:41:48.394 +05:30  INF  Request finished HTTP/2 GET https://localhost:51198/_vs/browserLink - - - 200 - text/javascript;+charset=UTF-8 14.9083ms
2023-02-08 09:41:57.646 +05:30  INF  Request starting HTTP/2 GET https://localhost:51198/Tasks?SearchById=&SearchByName=mick&SearchByAssigned= - -
2023-02-08 09:41:57.647 +05:30  INF  Executing endpoint 'ASPNETMVCCRUD.Controllers.TasksController.Index (ASPNETMVCCRUD)'
2023-02-08 09:41:57.647 +05:30  INF  Route matched with {action = "Index", controller = "Tasks"}. Executing controller action with signature System.Threading.Tasks.Task`1[Microsoft.AspNetCore.Mvc.IActionResult] Index(System.String, System.String, System.String) on controller ASPNETMVCCRUD.Controllers.TasksController (ASPNETMVCCRUD).
2023-02-08 09:41:57.649 +05:30  INF  Index Method  Executed
2023-02-08 09:41:57.650 +05:30  INF  Entity Framework Core 6.0.6 initialized 'MVCDemoDbContext' using provider 'Microsoft.EntityFrameworkCore.SqlServer:6.0.6' with options: None
2023-02-08 09:41:57.650 +05:30  INF  SearchByName : mick
2023-02-08 09:41:57.652 +05:30  INF  Executing ViewResult, running view Index.
2023-02-08 09:41:57.655 +05:30  INF  Executed DbCommand (1ms) [Parameters=[@__SearchByName_0='?' (Size = 4000)], CommandType='"Text"', CommandTimeout='30']
SELECT [t].[TaskId], [t].[AssignedTo], [t].[EndDate], [t].[Priorty], [t].[StartDate], [t].[TaskName]
FROM [Tasks] AS [t]
WHERE (@__SearchByName_0 LIKE N'') OR (CHARINDEX(@__SearchByName_0, [t].[TaskName]) > 0)
2023-02-08 09:41:57.661 +05:30  INF  Executed ViewResult - view Index executed in 9.0093ms.
2023-02-08 09:41:57.661 +05:30  INF  Executed action ASPNETMVCCRUD.Controllers.TasksController.Index (ASPNETMVCCRUD) in 13.7541ms
2023-02-08 09:41:57.661 +05:30  INF  Executed endpoint 'ASPNETMVCCRUD.Controllers.TasksController.Index (ASPNETMVCCRUD)'
2023-02-08 09:41:57.665 +05:30  INF  Request finished HTTP/2 GET https://localhost:51198/Tasks?SearchById=&SearchByName=mick&SearchByAssigned= - - - 200 - text/html;+charset=utf-8 19.1942ms
2023-02-08 09:41:57.685 +05:30  INF  Request starting HTTP/2 GET https://localhost:51198/_vs/browserLink - -
2023-02-08 09:41:57.685 +05:30  INF  Request starting HTTP/2 GET https://localhost:51198/_framework/aspnetcore-browser-refresh.js - -
2023-02-08 09:41:57.686 +05:30  INF  Request finished HTTP/2 GET https://localhost:51198/_framework/aspnetcore-browser-refresh.js - - - 200 11996 application/javascript;+charset=utf-8 0.2997ms
2023-02-08 09:41:57.704 +05:30  INF  Request finished HTTP/2 GET https://localhost:51198/_vs/browserLink - - - 200 - text/javascript;+charset=UTF-8 18.5303ms
2023-02-08 09:42:01.663 +05:30  INF  Request starting HTTP/2 GET https://localhost:51198/Tasks?SearchById=&SearchByName=mick&SearchByAssigned= - -
2023-02-08 09:42:01.664 +05:30  INF  Executing endpoint 'ASPNETMVCCRUD.Controllers.TasksController.Index (ASPNETMVCCRUD)'
2023-02-08 09:42:01.664 +05:30  INF  Route matched with {action = "Index", controller = "Tasks"}. Executing controller action with signature System.Threading.Tasks.Task`1[Microsoft.AspNetCore.Mvc.IActionResult] Index(System.String, System.String, System.String) on controller ASPNETMVCCRUD.Controllers.TasksController (ASPNETMVCCRUD).
2023-02-08 09:42:01.665 +05:30  INF  Index Method  Executed
2023-02-08 09:42:01.665 +05:30  INF  Entity Framework Core 6.0.6 initialized 'MVCDemoDbContext' using provider 'Microsoft.EntityFrameworkCore.SqlServer:6.0.6' with options: None
2023-02-08 09:42:01.665 +05:30  INF  SearchByName : mick
2023-02-08 09:42:01.665 +05:30  INF  Executing ViewResult, running view Index.
2023-02-08 09:42:01.667 +05:30  INF  Executed DbCommand (1ms) [Parameters=[@__SearchByName_0='?' (Size = 4000)], CommandType='"Text"', CommandTimeout='30']
SELECT [t].[TaskId], [t].[AssignedTo], [t].[EndDate], [t].[Priorty], [t].[StartDate], [t].[TaskName]
FROM [Tasks] AS [t]
WHERE (@__SearchByName_0 LIKE N'') OR (CHARINDEX(@__SearchByName_0, [t].[TaskName]) > 0)
2023-02-08 09:42:01.677 +05:30  INF  Executed ViewResult - view Index executed in 11.4541ms.
2023-02-08 09:42:01.677 +05:30  INF  Executed action ASPNETMVCCRUD.Controllers.TasksController.Index (ASPNETMVCCRUD) in 12.6712ms
2023-02-08 09:42:01.677 +05:30  INF  Executed endpoint 'ASPNETMVCCRUD.Controllers.TasksController.Index (ASPNETMVCCRUD)'
2023-02-08 09:42:01.678 +05:30  INF  Request finished HTTP/2 GET https://localhost:51198/Tasks?SearchById=&SearchByName=mick&SearchByAssigned= - - - 200 - text/html;+charset=utf-8 15.2042ms
2023-02-08 09:42:01.700 +05:30  INF  Request starting HTTP/2 GET https://localhost:51198/_framework/aspnetcore-browser-refresh.js - -
2023-02-08 09:42:01.700 +05:30  INF  Request starting HTTP/2 GET https://localhost:51198/_vs/browserLink - -
2023-02-08 09:42:01.700 +05:30  INF  Request finished HTTP/2 GET https://localhost:51198/_framework/aspnetcore-browser-refresh.js - - - 200 11996 application/javascript;+charset=utf-8 0.3867ms
2023-02-08 09:42:01.712 +05:30  INF  Request finished HTTP/2 GET https://localhost:51198/_vs/browserLink - - - 200 - text/javascript;+charset=UTF-8 12.0974ms
2023-02-08 09:42:09.013 +05:30  INF  Request starting HTTP/2 GET https://localhost:51198/Tasks?SearchById=&SearchByName=Mick&SearchByAssigned= - -
2023-02-08 09:42:09.015 +05:30  INF  Executing endpoint 'ASPNETMVCCRUD.Controllers.TasksController.Index (ASPNETMVCCRUD)'
2023-02-08 09:42:09.016 +05:30  INF  Route matched with {action = "Index", controller = "Tasks"}. Executing controller action with signature System.Threading.Tasks.Task`1[Microsoft.AspNetCore.Mvc.IActionResult] Index(System.String, System.String, System.String) on controller ASPNETMVCCRUD.Controllers.TasksController (ASPNETMVCCRUD).
2023-02-08 09:42:09.017 +05:30  INF  Index Method  Executed
2023-02-08 09:42:09.017 +05:30  INF  Entity Framework Core 6.0.6 initialized 'MVCDemoDbContext' using provider 'Microsoft.EntityFrameworkCore.SqlServer:6.0.6' with options: None
2023-02-08 09:42:09.018 +05:30  INF  SearchByName : Mick
2023-02-08 09:42:09.018 +05:30  INF  Executing ViewResult, running view Index.
2023-02-08 09:42:09.022 +05:30  INF  Executed DbCommand (3ms) [Parameters=[@__SearchByName_0='?' (Size = 4000)], CommandType='"Text"', CommandTimeout='30']
SELECT [t].[TaskId], [t].[AssignedTo], [t].[EndDate], [t].[Priorty], [t].[StartDate], [t].[TaskName]
FROM [Tasks] AS [t]
WHERE (@__SearchByName_0 LIKE N'') OR (CHARINDEX(@__SearchByName_0, [t].[TaskName]) > 0)
2023-02-08 09:42:09.028 +05:30  INF  Executed ViewResult - view Index executed in 9.9932ms.
2023-02-08 09:42:09.028 +05:30  INF  Executed action ASPNETMVCCRUD.Controllers.TasksController.Index (ASPNETMVCCRUD) in 11.9326ms
2023-02-08 09:42:09.028 +05:30  INF  Executed endpoint 'ASPNETMVCCRUD.Controllers.TasksController.Index (ASPNETMVCCRUD)'
2023-02-08 09:42:09.029 +05:30  INF  Request finished HTTP/2 GET https://localhost:51198/Tasks?SearchById=&SearchByName=Mick&SearchByAssigned= - - - 200 - text/html;+charset=utf-8 16.0232ms
2023-02-08 09:42:09.046 +05:30  INF  Request starting HTTP/2 GET https://localhost:51198/_framework/aspnetcore-browser-refresh.js - -
2023-02-08 09:42:09.046 +05:30  INF  Request starting HTTP/2 GET https://localhost:51198/_vs/browserLink - -
2023-02-08 09:42:09.047 +05:30  INF  Request finished HTTP/2 GET https://localhost:51198/_framework/aspnetcore-browser-refresh.js - - - 200 11996 application/javascript;+charset=utf-8 0.2994ms
2023-02-08 09:42:09.067 +05:30  INF  Request finished HTTP/2 GET https://localhost:51198/_vs/browserLink - - - 200 - text/javascript;+charset=UTF-8 20.4473ms
2023-02-08 09:42:12.462 +05:30  INF  Request starting HTTP/2 GET https://localhost:51198/Tasks?SearchById=&SearchByName=Mick&SearchByAssigned= - -
2023-02-08 09:42:12.464 +05:30  INF  Executing endpoint 'ASPNETMVCCRUD.Controllers.TasksController.Index (ASPNETMVCCRUD)'
2023-02-08 09:42:12.464 +05:30  INF  Route matched with {action = "Index", controller = "Tasks"}. Executing controller action with signature System.Threading.Tasks.Task`1[Microsoft.AspNetCore.Mvc.IActionResult] Index(System.String, System.String, System.String) on controller ASPNETMVCCRUD.Controllers.TasksController (ASPNETMVCCRUD).
2023-02-08 09:42:12.466 +05:30  INF  Index Method  Executed
2023-02-08 09:42:12.469 +05:30  INF  Entity Framework Core 6.0.6 initialized 'MVCDemoDbContext' using provider 'Microsoft.EntityFrameworkCore.SqlServer:6.0.6' with options: None
2023-02-08 09:42:12.469 +05:30  INF  SearchByName : Mick
2023-02-08 09:42:12.469 +05:30  INF  Executing ViewResult, running view Index.
2023-02-08 09:42:12.472 +05:30  INF  Executed DbCommand (1ms) [Parameters=[@__SearchByName_0='?' (Size = 4000)], CommandType='"Text"', CommandTimeout='30']
SELECT [t].[TaskId], [t].[AssignedTo], [t].[EndDate], [t].[Priorty], [t].[StartDate], [t].[TaskName]
FROM [Tasks] AS [t]
WHERE (@__SearchByName_0 LIKE N'') OR (CHARINDEX(@__SearchByName_0, [t].[TaskName]) > 0)
2023-02-08 09:42:12.485 +05:30  INF  Executed ViewResult - view Index executed in 15.7165ms.
2023-02-08 09:42:12.485 +05:30  INF  Executed action ASPNETMVCCRUD.Controllers.TasksController.Index (ASPNETMVCCRUD) in 20.4947ms
2023-02-08 09:42:12.485 +05:30  INF  Executed endpoint 'ASPNETMVCCRUD.Controllers.TasksController.Index (ASPNETMVCCRUD)'
2023-02-08 09:42:12.487 +05:30  INF  Request finished HTTP/2 GET https://localhost:51198/Tasks?SearchById=&SearchByName=Mick&SearchByAssigned= - - - 200 - text/html;+charset=utf-8 24.1179ms
2023-02-08 09:42:12.512 +05:30  INF  Request starting HTTP/2 GET https://localhost:51198/_framework/aspnetcore-browser-refresh.js - -
2023-02-08 09:42:12.513 +05:30  INF  Request finished HTTP/2 GET https://localhost:51198/_framework/aspnetcore-browser-refresh.js - - - 200 11996 application/javascript;+charset=utf-8 0.4840ms
2023-02-08 09:42:12.513 +05:30  INF  Request starting HTTP/2 GET https://localhost:51198/_vs/browserLink - -
2023-02-08 09:42:12.543 +05:30  INF  Request finished HTTP/2 GET https://localhost:51198/_vs/browserLink - - - 200 - text/javascript;+charset=UTF-8 30.1743ms
2023-02-08 09:42:14.247 +05:30  INF  Request starting HTTP/2 GET https://localhost:51198/Tasks?SearchById=&SearchByName=Mick&SearchByAssigned= - -
2023-02-08 09:42:14.248 +05:30  INF  Executing endpoint 'ASPNETMVCCRUD.Controllers.TasksController.Index (ASPNETMVCCRUD)'
2023-02-08 09:42:14.248 +05:30  INF  Route matched with {action = "Index", controller = "Tasks"}. Executing controller action with signature System.Threading.Tasks.Task`1[Microsoft.AspNetCore.Mvc.IActionResult] Index(System.String, System.String, System.String) on controller ASPNETMVCCRUD.Controllers.TasksController (ASPNETMVCCRUD).
2023-02-08 09:42:14.248 +05:30  INF  Index Method  Executed
2023-02-08 09:42:14.249 +05:30  INF  Entity Framework Core 6.0.6 initialized 'MVCDemoDbContext' using provider 'Microsoft.EntityFrameworkCore.SqlServer:6.0.6' with options: None
2023-02-08 09:42:14.249 +05:30  INF  SearchByName : Mick
2023-02-08 09:42:14.249 +05:30  INF  Executing ViewResult, running view Index.
2023-02-08 09:42:14.253 +05:30  INF  Executed DbCommand (3ms) [Parameters=[@__SearchByName_0='?' (Size = 4000)], CommandType='"Text"', CommandTimeout='30']
SELECT [t].[TaskId], [t].[AssignedTo], [t].[EndDate], [t].[Priorty], [t].[StartDate], [t].[TaskName]
FROM [Tasks] AS [t]
WHERE (@__SearchByName_0 LIKE N'') OR (CHARINDEX(@__SearchByName_0, [t].[TaskName]) > 0)
2023-02-08 09:42:14.259 +05:30  INF  Executed ViewResult - view Index executed in 9.3304ms.
2023-02-08 09:42:14.259 +05:30  INF  Executed action ASPNETMVCCRUD.Controllers.TasksController.Index (ASPNETMVCCRUD) in 10.6889ms
2023-02-08 09:42:14.259 +05:30  INF  Executed endpoint 'ASPNETMVCCRUD.Controllers.TasksController.Index (ASPNETMVCCRUD)'
2023-02-08 09:42:14.260 +05:30  INF  Request finished HTTP/2 GET https://localhost:51198/Tasks?SearchById=&SearchByName=Mick&SearchByAssigned= - - - 200 - text/html;+charset=utf-8 12.9409ms
2023-02-08 09:42:14.284 +05:30  INF  Request starting HTTP/2 GET https://localhost:51198/_framework/aspnetcore-browser-refresh.js - -
2023-02-08 09:42:14.284 +05:30  INF  Request starting HTTP/2 GET https://localhost:51198/_vs/browserLink - -
2023-02-08 09:42:14.285 +05:30  INF  Request finished HTTP/2 GET https://localhost:51198/_framework/aspnetcore-browser-refresh.js - - - 200 11996 application/javascript;+charset=utf-8 0.4956ms
2023-02-08 09:42:14.301 +05:30  INF  Request finished HTTP/2 GET https://localhost:51198/_vs/browserLink - - - 200 - text/javascript;+charset=UTF-8 17.1819ms
2023-02-08 09:42:16.776 +05:30  INF  Request starting HTTP/2 GET https://localhost:51198/Tasks - -
2023-02-08 09:42:16.777 +05:30  INF  Executing endpoint 'ASPNETMVCCRUD.Controllers.TasksController.Index (ASPNETMVCCRUD)'
2023-02-08 09:42:16.777 +05:30  INF  Route matched with {action = "Index", controller = "Tasks"}. Executing controller action with signature System.Threading.Tasks.Task`1[Microsoft.AspNetCore.Mvc.IActionResult] Index(System.String, System.String, System.String) on controller ASPNETMVCCRUD.Controllers.TasksController (ASPNETMVCCRUD).
2023-02-08 09:42:16.778 +05:30  INF  Index Method  Executed
2023-02-08 09:42:16.779 +05:30  INF  Entity Framework Core 6.0.6 initialized 'MVCDemoDbContext' using provider 'Microsoft.EntityFrameworkCore.SqlServer:6.0.6' with options: None
2023-02-08 09:42:16.780 +05:30  INF  Executing ViewResult, running view Index.
2023-02-08 09:42:16.786 +05:30  INF  Executed DbCommand (5ms) [Parameters=[], CommandType='"Text"', CommandTimeout='30']
SELECT [t].[TaskId], [t].[AssignedTo], [t].[EndDate], [t].[Priorty], [t].[StartDate], [t].[TaskName]
FROM [Tasks] AS [t]
2023-02-08 09:42:16.791 +05:30  INF  Executed ViewResult - view Index executed in 11.2277ms.
2023-02-08 09:42:16.791 +05:30  INF  Executed action ASPNETMVCCRUD.Controllers.TasksController.Index (ASPNETMVCCRUD) in 13.7096ms
2023-02-08 09:42:16.791 +05:30  INF  Executed endpoint 'ASPNETMVCCRUD.Controllers.TasksController.Index (ASPNETMVCCRUD)'
2023-02-08 09:42:16.794 +05:30  INF  Request finished HTTP/2 GET https://localhost:51198/Tasks - - - 200 - text/html;+charset=utf-8 18.3634ms
2023-02-08 09:42:16.825 +05:30  INF  Request starting HTTP/2 GET https://localhost:51198/_framework/aspnetcore-browser-refresh.js - -
2023-02-08 09:42:16.825 +05:30  INF  Request starting HTTP/2 GET https://localhost:51198/_vs/browserLink - -
2023-02-08 09:42:16.826 +05:30  INF  Request finished HTTP/2 GET https://localhost:51198/_framework/aspnetcore-browser-refresh.js - - - 200 11996 application/javascript;+charset=utf-8 0.5338ms
2023-02-08 09:42:16.836 +05:30  INF  Request finished HTTP/2 GET https://localhost:51198/_vs/browserLink - - - 200 - text/javascript;+charset=UTF-8 10.5527ms
2023-02-08 09:42:32.824 +05:30  INF  Request starting HTTP/2 GET https://localhost:51198/Tasks?SearchById=5&SearchByName=&SearchByAssigned= - -
2023-02-08 09:42:32.825 +05:30  INF  Executing endpoint 'ASPNETMVCCRUD.Controllers.TasksController.Index (ASPNETMVCCRUD)'
2023-02-08 09:42:32.825 +05:30  INF  Route matched with {action = "Index", controller = "Tasks"}. Executing controller action with signature System.Threading.Tasks.Task`1[Microsoft.AspNetCore.Mvc.IActionResult] Index(System.String, System.String, System.String) on controller ASPNETMVCCRUD.Controllers.TasksController (ASPNETMVCCRUD).
2023-02-08 09:42:32.829 +05:30  INF  Index Method  Executed
2023-02-08 09:42:32.831 +05:30  INF  Entity Framework Core 6.0.6 initialized 'MVCDemoDbContext' using provider 'Microsoft.EntityFrameworkCore.SqlServer:6.0.6' with options: None
2023-02-08 09:42:32.831 +05:30  INF  SearchById : 5
2023-02-08 09:42:32.831 +05:30  INF  Executing ViewResult, running view Index.
2023-02-08 09:42:32.867 +05:30  INF  Executed DbCommand (9ms) [Parameters=[@__Parse_0='?' (DbType = Int16)], CommandType='"Text"', CommandTimeout='30']
SELECT [t].[TaskId], [t].[AssignedTo], [t].[EndDate], [t].[Priorty], [t].[StartDate], [t].[TaskName]
FROM [Tasks] AS [t]
WHERE [t].[TaskId] = CAST(@__Parse_0 AS int)
2023-02-08 09:42:32.881 +05:30  INF  Executed ViewResult - view Index executed in 49.6405ms.
2023-02-08 09:42:32.882 +05:30  INF  Executed action ASPNETMVCCRUD.Controllers.TasksController.Index (ASPNETMVCCRUD) in 56.8856ms
2023-02-08 09:42:32.882 +05:30  INF  Executed endpoint 'ASPNETMVCCRUD.Controllers.TasksController.Index (ASPNETMVCCRUD)'
2023-02-08 09:42:32.884 +05:30  INF  Request finished HTTP/2 GET https://localhost:51198/Tasks?SearchById=5&SearchByName=&SearchByAssigned= - - - 200 - text/html;+charset=utf-8 60.2072ms
2023-02-08 09:42:32.903 +05:30  INF  Request starting HTTP/2 GET https://localhost:51198/_framework/aspnetcore-browser-refresh.js - -
2023-02-08 09:42:32.903 +05:30  INF  Request finished HTTP/2 GET https://localhost:51198/_framework/aspnetcore-browser-refresh.js - - - 200 11996 application/javascript;+charset=utf-8 0.3397ms
2023-02-08 09:42:32.903 +05:30  INF  Request starting HTTP/2 GET https://localhost:51198/_vs/browserLink - -
2023-02-08 09:42:32.916 +05:30  INF  Request finished HTTP/2 GET https://localhost:51198/_vs/browserLink - - - 200 - text/javascript;+charset=UTF-8 12.8077ms
2023-02-08 09:42:37.895 +05:30  INF  Request starting HTTP/2 GET https://localhost:51198/Tasks - -
2023-02-08 09:42:37.896 +05:30  INF  Executing endpoint 'ASPNETMVCCRUD.Controllers.TasksController.Index (ASPNETMVCCRUD)'
2023-02-08 09:42:37.896 +05:30  INF  Route matched with {action = "Index", controller = "Tasks"}. Executing controller action with signature System.Threading.Tasks.Task`1[Microsoft.AspNetCore.Mvc.IActionResult] Index(System.String, System.String, System.String) on controller ASPNETMVCCRUD.Controllers.TasksController (ASPNETMVCCRUD).
2023-02-08 09:42:37.897 +05:30  INF  Index Method  Executed
2023-02-08 09:42:37.898 +05:30  INF  Entity Framework Core 6.0.6 initialized 'MVCDemoDbContext' using provider 'Microsoft.EntityFrameworkCore.SqlServer:6.0.6' with options: None
2023-02-08 09:42:37.898 +05:30  INF  Executing ViewResult, running view Index.
2023-02-08 09:42:37.903 +05:30  INF  Executed DbCommand (3ms) [Parameters=[], CommandType='"Text"', CommandTimeout='30']
SELECT [t].[TaskId], [t].[AssignedTo], [t].[EndDate], [t].[Priorty], [t].[StartDate], [t].[TaskName]
FROM [Tasks] AS [t]
2023-02-08 09:42:37.906 +05:30  INF  Executed ViewResult - view Index executed in 7.9626ms.
2023-02-08 09:42:37.906 +05:30  INF  Executed action ASPNETMVCCRUD.Controllers.TasksController.Index (ASPNETMVCCRUD) in 9.663ms
2023-02-08 09:42:37.906 +05:30  INF  Executed endpoint 'ASPNETMVCCRUD.Controllers.TasksController.Index (ASPNETMVCCRUD)'
2023-02-08 09:42:37.908 +05:30  INF  Request finished HTTP/2 GET https://localhost:51198/Tasks - - - 200 - text/html;+charset=utf-8 13.4644ms
2023-02-08 09:42:37.929 +05:30  INF  Request starting HTTP/2 GET https://localhost:51198/_framework/aspnetcore-browser-refresh.js - -
2023-02-08 09:42:37.929 +05:30  INF  Request starting HTTP/2 GET https://localhost:51198/_vs/browserLink - -
2023-02-08 09:42:37.929 +05:30  INF  Request finished HTTP/2 GET https://localhost:51198/_framework/aspnetcore-browser-refresh.js - - - 200 11996 application/javascript;+charset=utf-8 0.2220ms
2023-02-08 09:42:37.934 +05:30  INF  Request finished HTTP/2 GET https://localhost:51198/_vs/browserLink - - - 200 - text/javascript;+charset=UTF-8 5.2611ms
2023-02-08 09:42:43.648 +05:30  INF  Request starting HTTP/2 GET https://localhost:51198/Tasks?SearchById=&SearchByName=Harry&SearchByAssigned= - -
2023-02-08 09:42:43.649 +05:30  INF  Executing endpoint 'ASPNETMVCCRUD.Controllers.TasksController.Index (ASPNETMVCCRUD)'
2023-02-08 09:42:43.649 +05:30  INF  Route matched with {action = "Index", controller = "Tasks"}. Executing controller action with signature System.Threading.Tasks.Task`1[Microsoft.AspNetCore.Mvc.IActionResult] Index(System.String, System.String, System.String) on controller ASPNETMVCCRUD.Controllers.TasksController (ASPNETMVCCRUD).
2023-02-08 09:42:43.649 +05:30  INF  Index Method  Executed
2023-02-08 09:42:43.650 +05:30  INF  Entity Framework Core 6.0.6 initialized 'MVCDemoDbContext' using provider 'Microsoft.EntityFrameworkCore.SqlServer:6.0.6' with options: None
2023-02-08 09:42:43.650 +05:30  INF  SearchByName : Harry
2023-02-08 09:42:43.650 +05:30  INF  Executing ViewResult, running view Index.
2023-02-08 09:42:43.655 +05:30  INF  Executed DbCommand (4ms) [Parameters=[@__SearchByName_0='?' (Size = 4000)], CommandType='"Text"', CommandTimeout='30']
SELECT [t].[TaskId], [t].[AssignedTo], [t].[EndDate], [t].[Priorty], [t].[StartDate], [t].[TaskName]
FROM [Tasks] AS [t]
WHERE (@__SearchByName_0 LIKE N'') OR (CHARINDEX(@__SearchByName_0, [t].[TaskName]) > 0)
2023-02-08 09:42:43.669 +05:30  INF  Executed ViewResult - view Index executed in 18.3215ms.
2023-02-08 09:42:43.669 +05:30  INF  Executed action ASPNETMVCCRUD.Controllers.TasksController.Index (ASPNETMVCCRUD) in 20.0246ms
2023-02-08 09:42:43.669 +05:30  INF  Executed endpoint 'ASPNETMVCCRUD.Controllers.TasksController.Index (ASPNETMVCCRUD)'
2023-02-08 09:42:43.670 +05:30  INF  Request finished HTTP/2 GET https://localhost:51198/Tasks?SearchById=&SearchByName=Harry&SearchByAssigned= - - - 200 - text/html;+charset=utf-8 22.7986ms
2023-02-08 09:42:43.708 +05:30  INF  Request starting HTTP/2 GET https://localhost:51198/_vs/browserLink - -
2023-02-08 09:42:43.708 +05:30  INF  Request starting HTTP/2 GET https://localhost:51198/_framework/aspnetcore-browser-refresh.js - -
2023-02-08 09:42:43.710 +05:30  INF  Request finished HTTP/2 GET https://localhost:51198/_framework/aspnetcore-browser-refresh.js - - - 200 11996 application/javascript;+charset=utf-8 1.5408ms
2023-02-08 09:42:43.719 +05:30  INF  Request finished HTTP/2 GET https://localhost:51198/_vs/browserLink - - - 200 - text/javascript;+charset=UTF-8 11.1447ms
2023-02-08 09:42:48.794 +05:30  INF  Request starting HTTP/2 GET https://localhost:51198/Tasks - -
2023-02-08 09:42:48.795 +05:30  INF  Executing endpoint 'ASPNETMVCCRUD.Controllers.TasksController.Index (ASPNETMVCCRUD)'
2023-02-08 09:42:48.795 +05:30  INF  Route matched with {action = "Index", controller = "Tasks"}. Executing controller action with signature System.Threading.Tasks.Task`1[Microsoft.AspNetCore.Mvc.IActionResult] Index(System.String, System.String, System.String) on controller ASPNETMVCCRUD.Controllers.TasksController (ASPNETMVCCRUD).
2023-02-08 09:42:48.796 +05:30  INF  Index Method  Executed
2023-02-08 09:42:48.796 +05:30  INF  Entity Framework Core 6.0.6 initialized 'MVCDemoDbContext' using provider 'Microsoft.EntityFrameworkCore.SqlServer:6.0.6' with options: None
2023-02-08 09:42:48.797 +05:30  INF  Executing ViewResult, running view Index.
2023-02-08 09:42:48.801 +05:30  INF  Executed DbCommand (2ms) [Parameters=[], CommandType='"Text"', CommandTimeout='30']
SELECT [t].[TaskId], [t].[AssignedTo], [t].[EndDate], [t].[Priorty], [t].[StartDate], [t].[TaskName]
FROM [Tasks] AS [t]
2023-02-08 09:42:48.805 +05:30  INF  Executed ViewResult - view Index executed in 8.2711ms.
2023-02-08 09:42:48.805 +05:30  INF  Executed action ASPNETMVCCRUD.Controllers.TasksController.Index (ASPNETMVCCRUD) in 10.2995ms
2023-02-08 09:42:48.805 +05:30  INF  Executed endpoint 'ASPNETMVCCRUD.Controllers.TasksController.Index (ASPNETMVCCRUD)'
2023-02-08 09:42:48.809 +05:30  INF  Request finished HTTP/2 GET https://localhost:51198/Tasks - - - 200 - text/html;+charset=utf-8 14.6770ms
2023-02-08 09:42:48.831 +05:30  INF  Request starting HTTP/2 GET https://localhost:51198/_vs/browserLink - -
2023-02-08 09:42:48.831 +05:30  INF  Request starting HTTP/2 GET https://localhost:51198/_framework/aspnetcore-browser-refresh.js - -
2023-02-08 09:42:48.831 +05:30  INF  Request finished HTTP/2 GET https://localhost:51198/_framework/aspnetcore-browser-refresh.js - - - 200 11996 application/javascript;+charset=utf-8 0.3198ms
2023-02-08 09:42:48.848 +05:30  INF  Request finished HTTP/2 GET https://localhost:51198/_vs/browserLink - - - 200 - text/javascript;+charset=UTF-8 17.7479ms
2023-02-08 09:42:56.930 +05:30  INF  Request starting HTTP/2 GET https://localhost:51198/Tasks?SearchById=&SearchByName=ing&SearchByAssigned= - -
2023-02-08 09:42:56.931 +05:30  INF  Executing endpoint 'ASPNETMVCCRUD.Controllers.TasksController.Index (ASPNETMVCCRUD)'
2023-02-08 09:42:56.933 +05:30  INF  Route matched with {action = "Index", controller = "Tasks"}. Executing controller action with signature System.Threading.Tasks.Task`1[Microsoft.AspNetCore.Mvc.IActionResult] Index(System.String, System.String, System.String) on controller ASPNETMVCCRUD.Controllers.TasksController (ASPNETMVCCRUD).
2023-02-08 09:42:56.934 +05:30  INF  Index Method  Executed
2023-02-08 09:42:56.935 +05:30  INF  Entity Framework Core 6.0.6 initialized 'MVCDemoDbContext' using provider 'Microsoft.EntityFrameworkCore.SqlServer:6.0.6' with options: None
2023-02-08 09:42:56.935 +05:30  INF  SearchByName : ing
2023-02-08 09:42:56.935 +05:30  INF  Executing ViewResult, running view Index.
2023-02-08 09:42:56.942 +05:30  INF  Executed DbCommand (6ms) [Parameters=[@__SearchByName_0='?' (Size = 4000)], CommandType='"Text"', CommandTimeout='30']
SELECT [t].[TaskId], [t].[AssignedTo], [t].[EndDate], [t].[Priorty], [t].[StartDate], [t].[TaskName]
FROM [Tasks] AS [t]
WHERE (@__SearchByName_0 LIKE N'') OR (CHARINDEX(@__SearchByName_0, [t].[TaskName]) > 0)
2023-02-08 09:42:56.951 +05:30  INF  Executed ViewResult - view Index executed in 15.6032ms.
2023-02-08 09:42:56.951 +05:30  INF  Executed action ASPNETMVCCRUD.Controllers.TasksController.Index (ASPNETMVCCRUD) in 17.7304ms
2023-02-08 09:42:56.951 +05:30  INF  Executed endpoint 'ASPNETMVCCRUD.Controllers.TasksController.Index (ASPNETMVCCRUD)'
2023-02-08 09:42:56.953 +05:30  INF  Request finished HTTP/2 GET https://localhost:51198/Tasks?SearchById=&SearchByName=ing&SearchByAssigned= - - - 200 - text/html;+charset=utf-8 22.4907ms
2023-02-08 09:42:56.977 +05:30  INF  Request starting HTTP/2 GET https://localhost:51198/_framework/aspnetcore-browser-refresh.js - -
2023-02-08 09:42:56.977 +05:30  INF  Request starting HTTP/2 GET https://localhost:51198/_vs/browserLink - -
2023-02-08 09:42:56.977 +05:30  INF  Request finished HTTP/2 GET https://localhost:51198/_framework/aspnetcore-browser-refresh.js - - - 200 11996 application/javascript;+charset=utf-8 0.2111ms
2023-02-08 09:42:56.995 +05:30  INF  Request finished HTTP/2 GET https://localhost:51198/_vs/browserLink - - - 200 - text/javascript;+charset=UTF-8 17.5455ms
2023-02-08 09:42:58.675 +05:30  INF  Request starting HTTP/2 GET https://localhost:51198/Tasks?SearchById=&SearchByName=ing&SearchByAssigned= - -
2023-02-08 09:42:58.676 +05:30  INF  Executing endpoint 'ASPNETMVCCRUD.Controllers.TasksController.Index (ASPNETMVCCRUD)'
2023-02-08 09:42:58.676 +05:30  INF  Route matched with {action = "Index", controller = "Tasks"}. Executing controller action with signature System.Threading.Tasks.Task`1[Microsoft.AspNetCore.Mvc.IActionResult] Index(System.String, System.String, System.String) on controller ASPNETMVCCRUD.Controllers.TasksController (ASPNETMVCCRUD).
2023-02-08 09:42:58.677 +05:30  INF  Index Method  Executed
2023-02-08 09:42:58.678 +05:30  INF  Entity Framework Core 6.0.6 initialized 'MVCDemoDbContext' using provider 'Microsoft.EntityFrameworkCore.SqlServer:6.0.6' with options: None
2023-02-08 09:42:58.679 +05:30  INF  SearchByName : ing
2023-02-08 09:42:58.680 +05:30  INF  Executing ViewResult, running view Index.
2023-02-08 09:42:58.682 +05:30  INF  Executed DbCommand (1ms) [Parameters=[@__SearchByName_0='?' (Size = 4000)], CommandType='"Text"', CommandTimeout='30']
SELECT [t].[TaskId], [t].[AssignedTo], [t].[EndDate], [t].[Priorty], [t].[StartDate], [t].[TaskName]
FROM [Tasks] AS [t]
WHERE (@__SearchByName_0 LIKE N'') OR (CHARINDEX(@__SearchByName_0, [t].[TaskName]) > 0)
2023-02-08 09:42:58.686 +05:30  INF  Executed ViewResult - view Index executed in 6.2589ms.
2023-02-08 09:42:58.686 +05:30  INF  Executed action ASPNETMVCCRUD.Controllers.TasksController.Index (ASPNETMVCCRUD) in 9.8706ms
2023-02-08 09:42:58.686 +05:30  INF  Executed endpoint 'ASPNETMVCCRUD.Controllers.TasksController.Index (ASPNETMVCCRUD)'
2023-02-08 09:42:58.689 +05:30  INF  Request finished HTTP/2 GET https://localhost:51198/Tasks?SearchById=&SearchByName=ing&SearchByAssigned= - - - 200 - text/html;+charset=utf-8 14.3784ms
2023-02-08 09:42:58.712 +05:30  INF  Request starting HTTP/2 GET https://localhost:51198/_framework/aspnetcore-browser-refresh.js - -
2023-02-08 09:42:58.712 +05:30  INF  Request starting HTTP/2 GET https://localhost:51198/_vs/browserLink - -
2023-02-08 09:42:58.712 +05:30  INF  Request finished HTTP/2 GET https://localhost:51198/_framework/aspnetcore-browser-refresh.js - - - 200 11996 application/javascript;+charset=utf-8 0.2883ms
2023-02-08 09:42:58.726 +05:30  INF  Request finished HTTP/2 GET https://localhost:51198/_vs/browserLink - - - 200 - text/javascript;+charset=UTF-8 13.7441ms
2023-02-08 09:43:02.143 +05:30  INF  Request starting HTTP/2 GET https://localhost:51198/Tasks?SearchById=&SearchByName=ing&SearchByAssigned= - -
2023-02-08 09:43:02.144 +05:30  INF  Executing endpoint 'ASPNETMVCCRUD.Controllers.TasksController.Index (ASPNETMVCCRUD)'
2023-02-08 09:43:02.144 +05:30  INF  Route matched with {action = "Index", controller = "Tasks"}. Executing controller action with signature System.Threading.Tasks.Task`1[Microsoft.AspNetCore.Mvc.IActionResult] Index(System.String, System.String, System.String) on controller ASPNETMVCCRUD.Controllers.TasksController (ASPNETMVCCRUD).
2023-02-08 09:43:02.144 +05:30  INF  Index Method  Executed
2023-02-08 09:43:02.145 +05:30  INF  Entity Framework Core 6.0.6 initialized 'MVCDemoDbContext' using provider 'Microsoft.EntityFrameworkCore.SqlServer:6.0.6' with options: None
2023-02-08 09:43:02.146 +05:30  INF  SearchByName : ing
2023-02-08 09:43:02.146 +05:30  INF  Executing ViewResult, running view Index.
2023-02-08 09:43:02.150 +05:30  INF  Executed DbCommand (3ms) [Parameters=[@__SearchByName_0='?' (Size = 4000)], CommandType='"Text"', CommandTimeout='30']
SELECT [t].[TaskId], [t].[AssignedTo], [t].[EndDate], [t].[Priorty], [t].[StartDate], [t].[TaskName]
FROM [Tasks] AS [t]
WHERE (@__SearchByName_0 LIKE N'') OR (CHARINDEX(@__SearchByName_0, [t].[TaskName]) > 0)
2023-02-08 09:43:02.158 +05:30  INF  Executed ViewResult - view Index executed in 12.103ms.
2023-02-08 09:43:02.159 +05:30  INF  Executed action ASPNETMVCCRUD.Controllers.TasksController.Index (ASPNETMVCCRUD) in 14.779ms
2023-02-08 09:43:02.159 +05:30  INF  Executed endpoint 'ASPNETMVCCRUD.Controllers.TasksController.Index (ASPNETMVCCRUD)'
2023-02-08 09:43:02.164 +05:30  INF  Request finished HTTP/2 GET https://localhost:51198/Tasks?SearchById=&SearchByName=ing&SearchByAssigned= - - - 200 - text/html;+charset=utf-8 21.3298ms
2023-02-08 09:43:02.190 +05:30  INF  Request starting HTTP/2 GET https://localhost:51198/_vs/browserLink - -
2023-02-08 09:43:02.191 +05:30  INF  Request starting HTTP/2 GET https://localhost:51198/_framework/aspnetcore-browser-refresh.js - -
2023-02-08 09:43:02.195 +05:30  INF  Request finished HTTP/2 GET https://localhost:51198/_framework/aspnetcore-browser-refresh.js - - - 200 11996 application/javascript;+charset=utf-8 3.1465ms
2023-02-08 09:43:02.213 +05:30  INF  Request finished HTTP/2 GET https://localhost:51198/_vs/browserLink - - - 200 - text/javascript;+charset=UTF-8 23.0408ms
2023-02-08 09:43:16.762 +05:30  INF  Request starting HTTP/2 GET https://localhost:51198/Tasks?SearchById=&SearchByName=&SearchByAssigned=ick - -
2023-02-08 09:43:16.769 +05:30  INF  Executing endpoint 'ASPNETMVCCRUD.Controllers.TasksController.Index (ASPNETMVCCRUD)'
2023-02-08 09:43:16.770 +05:30  INF  Route matched with {action = "Index", controller = "Tasks"}. Executing controller action with signature System.Threading.Tasks.Task`1[Microsoft.AspNetCore.Mvc.IActionResult] Index(System.String, System.String, System.String) on controller ASPNETMVCCRUD.Controllers.TasksController (ASPNETMVCCRUD).
2023-02-08 09:43:16.773 +05:30  INF  Index Method  Executed
2023-02-08 09:43:16.774 +05:30  INF  Entity Framework Core 6.0.6 initialized 'MVCDemoDbContext' using provider 'Microsoft.EntityFrameworkCore.SqlServer:6.0.6' with options: None
2023-02-08 09:43:16.774 +05:30  INF  SearchByAssigned : ick
2023-02-08 09:43:16.775 +05:30  INF  Executing ViewResult, running view Index.
2023-02-08 09:43:16.791 +05:30  INF  Executed DbCommand (10ms) [Parameters=[@__SearchByAssigned_0='?' (Size = 4000)], CommandType='"Text"', CommandTimeout='30']
SELECT [t].[TaskId], [t].[AssignedTo], [t].[EndDate], [t].[Priorty], [t].[StartDate], [t].[TaskName]
FROM [Tasks] AS [t]
WHERE (@__SearchByAssigned_0 LIKE N'') OR (CHARINDEX(@__SearchByAssigned_0, [t].[AssignedTo]) > 0)
2023-02-08 09:43:16.801 +05:30  INF  Executed ViewResult - view Index executed in 26.4199ms.
2023-02-08 09:43:16.801 +05:30  INF  Executed action ASPNETMVCCRUD.Controllers.TasksController.Index (ASPNETMVCCRUD) in 30.9431ms
2023-02-08 09:43:16.801 +05:30  INF  Executed endpoint 'ASPNETMVCCRUD.Controllers.TasksController.Index (ASPNETMVCCRUD)'
2023-02-08 09:43:16.803 +05:30  INF  Request finished HTTP/2 GET https://localhost:51198/Tasks?SearchById=&SearchByName=&SearchByAssigned=ick - - - 200 - text/html;+charset=utf-8 40.5598ms
2023-02-08 09:43:16.831 +05:30  INF  Request starting HTTP/2 GET https://localhost:51198/_framework/aspnetcore-browser-refresh.js - -
2023-02-08 09:43:16.832 +05:30  INF  Request finished HTTP/2 GET https://localhost:51198/_framework/aspnetcore-browser-refresh.js - - - 200 11996 application/javascript;+charset=utf-8 0.4096ms
2023-02-08 09:43:16.832 +05:30  INF  Request starting HTTP/2 GET https://localhost:51198/_vs/browserLink - -
2023-02-08 09:43:16.854 +05:30  INF  Request finished HTTP/2 GET https://localhost:51198/_vs/browserLink - - - 200 - text/javascript;+charset=UTF-8 22.3926ms
2023-02-08 09:43:54.439 +05:30  INF  Request starting HTTP/2 GET https://localhost:51198/Tasks/View/2 - -
2023-02-08 09:43:54.440 +05:30  INF  Executing endpoint 'ASPNETMVCCRUD.Controllers.TasksController.View (ASPNETMVCCRUD)'
2023-02-08 09:43:54.450 +05:30  INF  Route matched with {action = "View", controller = "Tasks"}. Executing controller action with signature System.Threading.Tasks.Task`1[Microsoft.AspNetCore.Mvc.IActionResult] View(Int32) on controller ASPNETMVCCRUD.Controllers.TasksController (ASPNETMVCCRUD).
2023-02-08 09:43:54.456 +05:30  INF  View Method  Executed
2023-02-08 09:43:54.458 +05:30  INF  Entity Framework Core 6.0.6 initialized 'MVCDemoDbContext' using provider 'Microsoft.EntityFrameworkCore.SqlServer:6.0.6' with options: None
2023-02-08 09:43:54.499 +05:30  INF  Executed DbCommand (11ms) [Parameters=[@__id_0='?' (DbType = Int32)], CommandType='"Text"', CommandTimeout='30']
SELECT TOP(1) [t].[TaskId], [t].[AssignedTo], [t].[EndDate], [t].[Priorty], [t].[StartDate], [t].[TaskName]
FROM [Tasks] AS [t]
WHERE [t].[TaskId] = @__id_0
2023-02-08 09:43:54.512 +05:30  INF  Executing ViewResult, running view View.
2023-02-08 09:43:54.536 +05:30  INF  Executed ViewResult - view View executed in 25.0081ms.
2023-02-08 09:43:54.536 +05:30  INF  Executed action ASPNETMVCCRUD.Controllers.TasksController.View (ASPNETMVCCRUD) in 86.1342ms
2023-02-08 09:43:54.536 +05:30  INF  Executed endpoint 'ASPNETMVCCRUD.Controllers.TasksController.View (ASPNETMVCCRUD)'
2023-02-08 09:43:54.539 +05:30  INF  Request finished HTTP/2 GET https://localhost:51198/Tasks/View/2 - - - 200 - text/html;+charset=utf-8 100.1379ms
2023-02-08 09:43:54.569 +05:30  INF  Request starting HTTP/2 GET https://localhost:51198/_framework/aspnetcore-browser-refresh.js - -
2023-02-08 09:43:54.569 +05:30  INF  Request starting HTTP/2 GET https://localhost:51198/_vs/browserLink - -
2023-02-08 09:43:54.572 +05:30  INF  Request finished HTTP/2 GET https://localhost:51198/_framework/aspnetcore-browser-refresh.js - - - 200 11996 application/javascript;+charset=utf-8 2.3311ms
2023-02-08 09:43:54.588 +05:30  INF  Request finished HTTP/2 GET https://localhost:51198/_vs/browserLink - - - 200 - text/javascript;+charset=UTF-8 18.8295ms
